#
# A fatal error has been detected by the Java Runtime Environment:
#
#  EXCEPTION_ACCESS_VIOLATION (0xc0000005) at pc=0x00007fffb3233108, pid=2968, tid=11132
#
# JRE version: OpenJDK Runtime Environment Temurin-17.0.4.1+1 (17.0.4.1+1) (build 17.0.4.1+1)
# Java VM: OpenJDK 64-Bit Server VM Temurin-17.0.4.1+1 (17.0.4.1+1, mixed mode, tiered, compressed oops, compressed class ptrs, g1 gc, windows-amd64)
# Problematic frame:
# V  [jvm.dll+0x6c3108]
#
# No core dump will be written. Minidumps are not enabled by default on client versions of Windows
#
# If you would like to submit a bug report, please visit:
#   https://github.com/adoptium/adoptium-support/issues
#

---------------  S U M M A R Y ------------

Command Line: -Dfile.encoding=UTF-8 -XX:+ShowCodeDetailsInExceptionMessages com.grupo5.reto2.Reto2Application

Host: 11th Gen Intel(R) Core(TM) i5-11400F @ 2.60GHz, 12 cores, 15G,  Windows 10 , 64 bit Build 19041 (10.0.19041.2364)
Time: Thu Dec 22 18:41:50 2022 Hora estándar romance elapsed time: 3.552147 seconds (0d 0h 0m 3s)

---------------  T H R E A D  ---------------

Current thread (0x0000014a246bc1c0):  JavaThread "C2 CompilerThread1" daemon [_thread_in_native, id=11132, stack(0x0000001b7bc00000,0x0000001b7bd00000)]


Current CompileTask:
C2:   3552 5788       4       org.springframework.beans.factory.support.AbstractBeanFactory::isTypeMatch (619 bytes)

Stack: [0x0000001b7bc00000,0x0000001b7bd00000],  sp=0x0000001b7bcfba00,  free space=1006k
Native frames: (J=compiled Java code, j=interpreted, Vv=VM code, C=native code)
V  [jvm.dll+0x6c3108]
V  [jvm.dll+0x1bbc8b]
V  [jvm.dll+0x2187d9]
V  [jvm.dll+0x217aa1]
V  [jvm.dll+0x1a3f8d]
V  [jvm.dll+0x227498]
V  [jvm.dll+0x2255e5]
V  [jvm.dll+0x7e7e9b]
V  [jvm.dll+0x7e240a]
V  [jvm.dll+0x6761a5]
C  [ucrtbase.dll+0x21bb2]
C  [KERNEL32.DLL+0x17614]
C  [ntdll.dll+0x526a1]


siginfo: EXCEPTION_ACCESS_VIOLATION (0xc0000005), reading address 0x0000010a2f02d8a8


Register to memory mapping:

RIP=0x00007fffb3233108 jvm.dll
RAX=0x0000014a2f489080 points into unknown readable memory: 0x0000000000000000 | 00 00 00 00 00 00 00 00
RBX=0x0 is NULL
RCX=0x0000010a2f02d880 is an unknown value
RDX=0x0 is NULL
RSP=0x0000001b7bcfba00 is pointing into the stack for thread: 0x0000014a246bc1c0
RBP=0x0000001b7bcfbb00 is pointing into the stack for thread: 0x0000014a246bc1c0
RSI=0x0000014a2685e598 points into unknown readable memory: 0x00007fffb3453c38 | 38 3c 45 b3 ff 7f 00 00
RDI=0x0000014a27846c20 points into unknown readable memory: 0x0000000000000000 | 00 00 00 00 00 00 00 00
R8 =0x0 is NULL
R9 =0x0 is NULL
R10=0x0000000000000078 is an unknown value
R11=0x0000000000000078 is an unknown value
R12=0x0000000000000010 is an unknown value
R13=0x0000000000000010 is an unknown value
R14=0x0000000000000003 is an unknown value
R15=0x0000001b7bcfc270 is pointing into the stack for thread: 0x0000014a246bc1c0


Registers:
RAX=0x0000014a2f489080, RBX=0x0000000000000000, RCX=0x0000010a2f02d880, RDX=0x0000000000000000
RSP=0x0000001b7bcfba00, RBP=0x0000001b7bcfbb00, RSI=0x0000014a2685e598, RDI=0x0000014a27846c20
R8 =0x0000000000000000, R9 =0x0000000000000000, R10=0x0000000000000078, R11=0x0000000000000078
R12=0x0000000000000010, R13=0x0000000000000010, R14=0x0000000000000003, R15=0x0000001b7bcfc270
RIP=0x00007fffb3233108, EFLAGS=0x0000000000010293

Top of Stack: (sp=0x0000001b7bcfba00)
0x0000001b7bcfba00:   0000001b7bcfc270 0000014a00000006
0x0000001b7bcfba10:   0000014a281eaae8 0000014a2fe2ed00
0x0000001b7bcfba20:   0000014a24668700 0000014a0000000f
0x0000001b7bcfba30:   0000014a000011d7 0000001b7bcfbb00
0x0000001b7bcfba40:   0000014a00000000 0000001b7bcfbc70
0x0000001b7bcfba50:   0000000000000075 0000000000000000
0x0000001b7bcfba60:   0000001b00000016 0000014a2918e2c8
0x0000001b7bcfba70:   0000001000000078 00007fff00000002
0x0000001b7bcfba80:   0000014a27846c20 0000014a2685e598
0x0000001b7bcfba90:   00007fff00000016 0000014a26b22970
0x0000001b7bcfbaa0:   0000040200000000 0000014a26b22d30
0x0000001b7bcfbab0:   0000014a281d7160 0000000000000000
0x0000001b7bcfbac0:   0000014a281d2f80 0000014a281d5070
0x0000001b7bcfbad0:   0000014a2f268fe0 0000014a2fe2d020
0x0000001b7bcfbae0:   0000000000000000 0000014a2f26d000
0x0000001b7bcfbaf0:   0000000000000015 0000000000000002 

Instructions: (pc=0x00007fffb3233108)
0x00007fffb3233008:   e8 23 a1 fd ff 4c 8b 4e 08 49 8b 0c d9 48 85 c9
0x00007fffb3233018:   74 2c 4c 8b 41 10 4d 85 c0 74 23 8b 41 20 49 8d
0x00007fffb3233028:   14 c0 66 0f 1f 44 00 00 48 39 72 f8 48 8d 52 f8
0x00007fffb3233038:   75 f6 ff c8 89 41 20 49 8b 0c c0 48 89 0a 48 8b
0x00007fffb3233048:   45 f8 33 f6 65 48 8b 14 25 58 00 00 00 b9 50 00
0x00007fffb3233058:   00 00 49 89 34 d9 48 8b 04 c2 40 38 34 01 75 05
0x00007fffb3233068:   e8 4f a8 1c 00 41 8b d6 49 8d 4d 10 e8 37 2a f9
0x00007fffb3233078:   ff 41 ff 4d 28 41 ff ce 41 ff 4d 70 41 ff 4d 78
0x00007fffb3233088:   41 ff c6 e9 31 fb ff ff 8b 46 2c 83 e0 7f 3c 4a
0x00007fffb3233098:   0f 84 89 02 00 00 48 8b 06 48 8b ce ff 90 88 00
0x00007fffb32330a8:   00 00 48 89 45 80 48 8b f8 48 85 c0 74 0b 48 8b
0x00007fffb32330b8:   c8 e8 b2 80 ae ff 44 8b e0 8b 4d 90 41 bd 01 00
0x00007fffb32330c8:   00 00 44 89 64 24 60 44 89 6c 24 74 8d 41 ff 89
0x00007fffb32330d8:   45 f0 41 3b cd 0f 86 3c 02 00 00 44 3b e8 76 0e
0x00007fffb32330e8:   41 8b c5 41 2b c4 a8 01 0f 84 14 02 00 00 48 8b
0x00007fffb32330f8:   46 08 45 8b e5 4a 8b 0c e0 49 8b 87 08 01 00 00
0x00007fffb3233108:   48 63 51 28 8b 0c 90 41 3b 8f e0 00 00 00 0f 83
0x00007fffb3233118:   e9 01 00 00 49 8b 47 70 8b d1 48 69 d9 b0 00 00
0x00007fffb3233128:   00 48 8b 48 20 48 89 5d b8 81 7c 19 30 2f 75 00
0x00007fffb3233138:   00 0f 8c c6 01 00 00 48 8b 45 e8 8b 34 90 48 8b
0x00007fffb3233148:   45 98 44 8b fe 89 74 24 78 48 89 75 20 4c 8b 34
0x00007fffb3233158:   f0 48 85 ff 0f 84 9e 02 00 00 8b 4f 14 41 3b cd
0x00007fffb3233168:   77 12 44 3b 6f 18 73 0c 41 8b c5 2b c1 83 e0 01
0x00007fffb3233178:   84 c0 74 1c 48 8b 0f 48 85 c9 0f 84 78 02 00 00
0x00007fffb3233188:   41 8b d5 e8 70 9e b3 ff 84 c0 0f 84 68 02 00 00
0x00007fffb3233198:   48 8b 85 10 03 00 00 49 8b ce 4c 8b 7c 24 68 49
0x00007fffb32331a8:   8b d7 4c 8b 40 10 e8 8d 18 00 00 48 8b f0 48 85
0x00007fffb32331b8:   c0 0f 84 bf 12 00 00 4c 8b 85 10 03 00 00 49 8b
0x00007fffb32331c8:   58 10 8b 83 40 02 00 00 2b 83 68 02 00 00 03 05
0x00007fffb32331d8:   1c b3 43 00 3b 43 68 0f 87 74 12 00 00 48 63 7e
0x00007fffb32331e8:   28 49 8d 98 00 01 00 00 8b 13 3b fa 7c 52 3b 7b
0x00007fffb32331f8:   04 7c 13 8b d7 48 8b cb e8 db 61 9f ff 8b 13 4c 


Stack slot to memory mapping:
stack at sp + 0 slots: 0x0000001b7bcfc270 is pointing into the stack for thread: 0x0000014a246bc1c0
stack at sp + 1 slots: 0x0000014a00000006 is an unknown value
stack at sp + 2 slots: 0x0000014a281eaae8 points into unknown readable memory: 0x00007fffb3424218 | 18 42 42 b3 ff 7f 00 00
stack at sp + 3 slots: 0x0000014a2fe2ed00 points into unknown readable memory: 0x403318ac00d57a1f | 1f 7a d5 00 ac 18 33 40
stack at sp + 4 slots: 0x0000014a24668700 points into unknown readable memory: 0x00007fffb3453c38 | 38 3c 45 b3 ff 7f 00 00
stack at sp + 5 slots: 0x0000014a0000000f is an unknown value
stack at sp + 6 slots: 0x0000014a000011d7 is an unknown value
stack at sp + 7 slots: 0x0000001b7bcfbb00 is pointing into the stack for thread: 0x0000014a246bc1c0


---------------  P R O C E S S  ---------------

Threads class SMR info:
_java_thread_list=0x0000014a2b6c9460, length=32, elements={
0x0000014a24429340, 0x0000014a2442af50, 0x0000014a2446ca30, 0x0000014a24471400,
0x0000014a24472550, 0x0000014a24485a40, 0x0000014a2448ab60, 0x0000014a2448cdb0,
0x0000014a2449df60, 0x0000014a245ffa80, 0x0000014a246165b0, 0x0000014a246bc1c0,
0x0000014a26344480, 0x0000014a28350dc0, 0x0000014a28350420, 0x0000014a28353440,
0x0000014a28351290, 0x0000014a28351760, 0x0000014a28351c30, 0x0000014a283525d0,
0x0000014a28352f70, 0x0000014a2834fa80, 0x0000014a2834ff50, 0x0000014a28c4eae0,
0x0000014a28c4bf90, 0x0000014a28c4e610, 0x0000014a28c4efb0, 0x0000014a28c4ce00,
0x0000014a28c4d2d0, 0x0000014a28c4d7a0, 0x0000014a28c4f950, 0x0000014a28c4dc70
}

Java Threads: ( => current thread )
  0x0000014a24429340 JavaThread "Reference Handler" daemon [_thread_blocked, id=22520, stack(0x0000001b7b000000,0x0000001b7b100000)]
  0x0000014a2442af50 JavaThread "Finalizer" daemon [_thread_blocked, id=22924, stack(0x0000001b7b100000,0x0000001b7b200000)]
  0x0000014a2446ca30 JavaThread "Signal Dispatcher" daemon [_thread_blocked, id=10096, stack(0x0000001b7b200000,0x0000001b7b300000)]
  0x0000014a24471400 JavaThread "Attach Listener" daemon [_thread_blocked, id=21960, stack(0x0000001b7b300000,0x0000001b7b400000)]
  0x0000014a24472550 JavaThread "Service Thread" daemon [_thread_blocked, id=18184, stack(0x0000001b7b400000,0x0000001b7b500000)]
  0x0000014a24485a40 JavaThread "Monitor Deflation Thread" daemon [_thread_blocked, id=8660, stack(0x0000001b7b500000,0x0000001b7b600000)]
  0x0000014a2448ab60 JavaThread "C2 CompilerThread0" daemon [_thread_in_native, id=3976, stack(0x0000001b7b600000,0x0000001b7b700000)]
  0x0000014a2448cdb0 JavaThread "C1 CompilerThread0" daemon [_thread_blocked, id=22544, stack(0x0000001b7b700000,0x0000001b7b800000)]
  0x0000014a2449df60 JavaThread "Sweeper thread" daemon [_thread_blocked, id=22504, stack(0x0000001b7b800000,0x0000001b7b900000)]
  0x0000014a245ffa80 JavaThread "Notification Thread" daemon [_thread_blocked, id=15224, stack(0x0000001b7b900000,0x0000001b7ba00000)]
  0x0000014a246165b0 JavaThread "Common-Cleaner" daemon [_thread_blocked, id=5692, stack(0x0000001b7bb00000,0x0000001b7bc00000)]
=>0x0000014a246bc1c0 JavaThread "C2 CompilerThread1" daemon [_thread_in_native, id=11132, stack(0x0000001b7bc00000,0x0000001b7bd00000)]
  0x0000014a26344480 JavaThread "C2 CompilerThread2" daemon [_thread_in_native, id=8516, stack(0x0000001b7c900000,0x0000001b7ca00000)]
  0x0000014a28350dc0 JavaThread "Catalina-utility-1" [_thread_blocked, id=8876, stack(0x0000001b7c200000,0x0000001b7c300000)]
  0x0000014a28350420 JavaThread "Catalina-utility-2" [_thread_blocked, id=18928, stack(0x0000001b7ca00000,0x0000001b7cb00000)]
  0x0000014a28353440 JavaThread "container-0" [_thread_blocked, id=9312, stack(0x0000001b7cb00000,0x0000001b7cc00000)]
  0x0000014a28351290 JavaThread "mysql-cj-abandoned-connection-cleanup" daemon [_thread_blocked, id=14764, stack(0x0000001b7cc00000,0x0000001b7cd00000)]
  0x0000014a28351760 JavaThread "HikariPool-1 housekeeper" daemon [_thread_blocked, id=17572, stack(0x0000001b7ce00000,0x0000001b7cf00000)]
  0x0000014a28351c30 JavaThread "HikariPool-1 connection adder" daemon [_thread_blocked, id=12552, stack(0x0000001b7cf00000,0x0000001b7d000000)]
  0x0000014a283525d0 JavaThread "http-nio-8080-exec-1" daemon [_thread_blocked, id=24052, stack(0x0000001b7d000000,0x0000001b7d100000)]
  0x0000014a28352f70 JavaThread "http-nio-8080-exec-2" daemon [_thread_blocked, id=23644, stack(0x0000001b7d100000,0x0000001b7d200000)]
  0x0000014a2834fa80 JavaThread "http-nio-8080-exec-3" daemon [_thread_blocked, id=14368, stack(0x0000001b7d200000,0x0000001b7d300000)]
  0x0000014a2834ff50 JavaThread "http-nio-8080-exec-4" daemon [_thread_blocked, id=10088, stack(0x0000001b7d300000,0x0000001b7d400000)]
  0x0000014a28c4eae0 JavaThread "http-nio-8080-exec-5" daemon [_thread_blocked, id=16784, stack(0x0000001b7d400000,0x0000001b7d500000)]
  0x0000014a28c4bf90 JavaThread "http-nio-8080-exec-6" daemon [_thread_blocked, id=1956, stack(0x0000001b7d500000,0x0000001b7d600000)]
  0x0000014a28c4e610 JavaThread "http-nio-8080-exec-7" daemon [_thread_blocked, id=15760, stack(0x0000001b7d600000,0x0000001b7d700000)]
  0x0000014a28c4efb0 JavaThread "http-nio-8080-exec-8" daemon [_thread_blocked, id=10720, stack(0x0000001b7d700000,0x0000001b7d800000)]
  0x0000014a28c4ce00 JavaThread "http-nio-8080-exec-9" daemon [_thread_blocked, id=15916, stack(0x0000001b7d800000,0x0000001b7d900000)]
  0x0000014a28c4d2d0 JavaThread "http-nio-8080-exec-10" daemon [_thread_blocked, id=19740, stack(0x0000001b7d900000,0x0000001b7da00000)]
  0x0000014a28c4d7a0 JavaThread "http-nio-8080-Poller" daemon [_thread_in_native, id=13580, stack(0x0000001b7da00000,0x0000001b7db00000)]
  0x0000014a28c4f950 JavaThread "http-nio-8080-Acceptor" daemon [_thread_in_native, id=24276, stack(0x0000001b7db00000,0x0000001b7dc00000)]
  0x0000014a28c4dc70 JavaThread "DestroyJavaVM" [_thread_blocked, id=1172, stack(0x0000001b7a900000,0x0000001b7aa00000)]

Other Threads:
  0x0000014a23aedfb0 VMThread "VM Thread" [stack: 0x0000001b7af00000,0x0000001b7b000000] [id=14064]
  0x0000014a04bfcfb0 WatcherThread [stack: 0x0000001b7ba00000,0x0000001b7bb00000] [id=17460]
  0x0000014a04be4790 GCTaskThread "GC Thread#0" [stack: 0x0000001b7aa00000,0x0000001b7ab00000] [id=8628]
  0x0000014a24b210a0 GCTaskThread "GC Thread#1" [stack: 0x0000001b7bd00000,0x0000001b7be00000] [id=10612]
  0x0000014a24b205e0 GCTaskThread "GC Thread#2" [stack: 0x0000001b7be00000,0x0000001b7bf00000] [id=13896]
  0x0000014a24b20890 GCTaskThread "GC Thread#3" [stack: 0x0000001b7bf00000,0x0000001b7c000000] [id=15644]
  0x0000014a24b20b40 GCTaskThread "GC Thread#4" [stack: 0x0000001b7c000000,0x0000001b7c100000] [id=11444]
  0x0000014a24b20df0 GCTaskThread "GC Thread#5" [stack: 0x0000001b7c100000,0x0000001b7c200000] [id=2168]
  0x0000014a24b218b0 GCTaskThread "GC Thread#6" [stack: 0x0000001b7c300000,0x0000001b7c400000] [id=6444]
  0x0000014a24b21b60 GCTaskThread "GC Thread#7" [stack: 0x0000001b7c400000,0x0000001b7c500000] [id=24316]
  0x0000014a24b20080 GCTaskThread "GC Thread#8" [stack: 0x0000001b7c500000,0x0000001b7c600000] [id=15580]
  0x0000014a265dbbc0 GCTaskThread "GC Thread#9" [stack: 0x0000001b7c600000,0x0000001b7c700000] [id=19448]
  0x0000014a04bf54d0 ConcurrentGCThread "G1 Main Marker" [stack: 0x0000001b7ab00000,0x0000001b7ac00000] [id=20060]
  0x0000014a04bf6680 ConcurrentGCThread "G1 Conc#0" [stack: 0x0000001b7ac00000,0x0000001b7ad00000] [id=16584]
  0x0000014a265dae50 ConcurrentGCThread "G1 Conc#1" [stack: 0x0000001b7c700000,0x0000001b7c800000] [id=24464]
  0x0000014a265dc930 ConcurrentGCThread "G1 Conc#2" [stack: 0x0000001b7c800000,0x0000001b7c900000] [id=5368]
  0x0000014a04c4d6d0 ConcurrentGCThread "G1 Refine#0" [stack: 0x0000001b7ad00000,0x0000001b7ae00000] [id=22024]
  0x0000014a04c4e0f0 ConcurrentGCThread "G1 Service" [stack: 0x0000001b7ae00000,0x0000001b7af00000] [id=17180]

Threads with active compile tasks:
C2 CompilerThread0     3570 5869   !   4       org.springframework.core.annotation.AnnotationsScanner::processMethodHierarchy (276 bytes)
C2 CompilerThread1     3570 5788       4       org.springframework.beans.factory.support.AbstractBeanFactory::isTypeMatch (619 bytes)
C2 CompilerThread2     3570 5765       4       org.springframework.core.annotation.TypeMappedAnnotations$MergedAnnotationFinder::doWithAnnotations (75 bytes)

VM state: not at safepoint (normal execution)

VM Mutex/Monitor currently owned by a thread: None

Heap address: 0x0000000702000000, size: 4064 MB, Compressed Oops mode: Zero based, Oop shift amount: 3

CDS archive(s) not mapped
Compressed class space mapped at: 0x0000000800000000-0x0000000840000000, reserved size: 1073741824
Narrow klass base: 0x0000000800000000, Narrow klass shift: 0, Narrow klass range: 0x40000000

GC Precious Log:
 CPUs: 12 total, 12 available
 Memory: 16253M
 Large Page Support: Disabled
 NUMA Support: Disabled
 Compressed Oops: Enabled (Zero based)
 Heap Region Size: 2M
 Heap Min Capacity: 8M
 Heap Initial Capacity: 254M
 Heap Max Capacity: 4064M
 Pre-touch: Disabled
 Parallel Workers: 10
 Concurrent Workers: 3
 Concurrent Refinement Workers: 10
 Periodic GC: Disabled

Heap:
 garbage-first heap   total 83968K, used 46340K [0x0000000702000000, 0x0000000800000000)
  region size 2048K, 14 young (28672K), 2 survivors (4096K)
 Metaspace       used 68808K, committed 69376K, reserved 1114112K
  class space    used 8825K, committed 9088K, reserved 1048576K

Heap Regions: E=young(eden), S=young(survivor), O=old, HS=humongous(starts), HC=humongous(continues), CS=collection set, F=free, OA=open archive, CA=closed archive, TAMS=top-at-mark-start (previous, next)
|   0|0x0000000702000000, 0x0000000702200000, 0x0000000702200000|100%| O|  |TAMS 0x0000000702200000, 0x0000000702000000| Untracked 
|   1|0x0000000702200000, 0x0000000702400000, 0x0000000702400000|100%| O|  |TAMS 0x0000000702400000, 0x0000000702200000| Untracked 
|   2|0x0000000702400000, 0x00000007025dac00, 0x0000000702600000| 92%| O|  |TAMS 0x00000007025dac00, 0x0000000702400000| Untracked 
|   3|0x0000000702600000, 0x0000000702800000, 0x0000000702800000|100%| O|  |TAMS 0x0000000702800000, 0x0000000702600000| Untracked 
|   4|0x0000000702800000, 0x0000000702a00000, 0x0000000702a00000|100%| O|  |TAMS 0x0000000702a00000, 0x0000000702800000| Untracked 
|   5|0x0000000702a00000, 0x0000000702c00000, 0x0000000702c00000|100%| O|  |TAMS 0x0000000702c00000, 0x0000000702a00000| Untracked 
|   6|0x0000000702c00000, 0x0000000702c2c200, 0x0000000702e00000|  8%| O|  |TAMS 0x0000000702c2c200, 0x0000000702c00000| Untracked 
|   7|0x0000000702e00000, 0x0000000703000000, 0x0000000703000000|100%| O|  |TAMS 0x0000000703000000, 0x0000000702e00000| Untracked 
|   8|0x0000000703000000, 0x0000000703200000, 0x0000000703200000|100%| O|  |TAMS 0x0000000703200000, 0x0000000703000000| Untracked 
|   9|0x0000000703200000, 0x0000000703400000, 0x0000000703400000|100%| O|  |TAMS 0x0000000703372600, 0x0000000703200000| Untracked 
|  10|0x0000000703400000, 0x0000000703555e00, 0x0000000703600000| 66%| O|  |TAMS 0x0000000703400000, 0x0000000703400000| Untracked 
|  11|0x0000000703600000, 0x0000000703600000, 0x0000000703800000|  0%| F|  |TAMS 0x0000000703600000, 0x0000000703600000| Untracked 
|  12|0x0000000703800000, 0x0000000703800000, 0x0000000703a00000|  0%| F|  |TAMS 0x0000000703800000, 0x0000000703800000| Untracked 
|  13|0x0000000703a00000, 0x0000000703a00000, 0x0000000703c00000|  0%| F|  |TAMS 0x0000000703a00000, 0x0000000703a00000| Untracked 
|  14|0x0000000703c00000, 0x0000000703c00000, 0x0000000703e00000|  0%| F|  |TAMS 0x0000000703c00000, 0x0000000703c00000| Untracked 
|  15|0x0000000703e00000, 0x0000000703e00000, 0x0000000704000000|  0%| F|  |TAMS 0x0000000703e00000, 0x0000000703e00000| Untracked 
|  16|0x0000000704000000, 0x00000007041e44d0, 0x0000000704200000| 94%| S|CS|TAMS 0x0000000704000000, 0x0000000704000000| Complete 
|  17|0x0000000704200000, 0x0000000704400000, 0x0000000704400000|100%| S|CS|TAMS 0x0000000704200000, 0x0000000704200000| Complete 
|  18|0x0000000704400000, 0x0000000704400000, 0x0000000704600000|  0%| F|  |TAMS 0x0000000704400000, 0x0000000704400000| Untracked 
|  19|0x0000000704600000, 0x0000000704600000, 0x0000000704800000|  0%| F|  |TAMS 0x0000000704600000, 0x0000000704600000| Untracked 
|  20|0x0000000704800000, 0x0000000704800000, 0x0000000704a00000|  0%| F|  |TAMS 0x0000000704800000, 0x0000000704800000| Untracked 
|  21|0x0000000704a00000, 0x0000000704a00000, 0x0000000704c00000|  0%| F|  |TAMS 0x0000000704a00000, 0x0000000704a00000| Untracked 
|  22|0x0000000704c00000, 0x0000000704c00000, 0x0000000704e00000|  0%| F|  |TAMS 0x0000000704c00000, 0x0000000704c00000| Untracked 
|  23|0x0000000704e00000, 0x0000000704e00000, 0x0000000705000000|  0%| F|  |TAMS 0x0000000704e00000, 0x0000000704e00000| Untracked 
|  24|0x0000000705000000, 0x0000000705000000, 0x0000000705200000|  0%| F|  |TAMS 0x0000000705000000, 0x0000000705000000| Untracked 
|  25|0x0000000705200000, 0x0000000705200000, 0x0000000705400000|  0%| F|  |TAMS 0x0000000705200000, 0x0000000705200000| Untracked 
|  26|0x0000000705400000, 0x0000000705400000, 0x0000000705600000|  0%| F|  |TAMS 0x0000000705400000, 0x0000000705400000| Untracked 
|  27|0x0000000705600000, 0x0000000705600000, 0x0000000705800000|  0%| F|  |TAMS 0x0000000705600000, 0x0000000705600000| Untracked 
|  28|0x0000000705800000, 0x0000000705800000, 0x0000000705a00000|  0%| F|  |TAMS 0x0000000705800000, 0x0000000705800000| Untracked 
|  29|0x0000000705a00000, 0x0000000705bb2a98, 0x0000000705c00000| 84%| E|  |TAMS 0x0000000705a00000, 0x0000000705a00000| Complete 
|  30|0x0000000705c00000, 0x0000000705e00000, 0x0000000705e00000|100%| E|CS|TAMS 0x0000000705c00000, 0x0000000705c00000| Complete 
|  31|0x0000000705e00000, 0x0000000706000000, 0x0000000706000000|100%| E|CS|TAMS 0x0000000705e00000, 0x0000000705e00000| Complete 
|  32|0x0000000706000000, 0x0000000706200000, 0x0000000706200000|100%| E|CS|TAMS 0x0000000706000000, 0x0000000706000000| Complete 
|  33|0x0000000706200000, 0x0000000706400000, 0x0000000706400000|100%| E|CS|TAMS 0x0000000706200000, 0x0000000706200000| Complete 
|  34|0x0000000706400000, 0x0000000706600000, 0x0000000706600000|100%| E|CS|TAMS 0x0000000706400000, 0x0000000706400000| Complete 
|  35|0x0000000706600000, 0x0000000706800000, 0x0000000706800000|100%| E|CS|TAMS 0x0000000706600000, 0x0000000706600000| Complete 
|  36|0x0000000706800000, 0x0000000706a00000, 0x0000000706a00000|100%| E|CS|TAMS 0x0000000706800000, 0x0000000706800000| Complete 
|  37|0x0000000706a00000, 0x0000000706c00000, 0x0000000706c00000|100%| E|CS|TAMS 0x0000000706a00000, 0x0000000706a00000| Complete 
|  38|0x0000000706c00000, 0x0000000706e00000, 0x0000000706e00000|100%| E|CS|TAMS 0x0000000706c00000, 0x0000000706c00000| Complete 
|  39|0x0000000706e00000, 0x0000000707000000, 0x0000000707000000|100%| E|CS|TAMS 0x0000000706e00000, 0x0000000706e00000| Complete 
| 126|0x0000000711c00000, 0x0000000711e00000, 0x0000000711e00000|100%| E|CS|TAMS 0x0000000711c00000, 0x0000000711c00000| Complete 

Card table byte_map: [0x0000014a17f80000,0x0000014a18770000] _byte_map_base: 0x0000014a14770000

Marking Bits (Prev, Next): (CMBitMap*) 0x0000014a04be4de0, (CMBitMap*) 0x0000014a04be4da0
 Prev Bits: [0x0000014a1cee0000, 0x0000014a20e60000)
 Next Bits: [0x0000014a18f60000, 0x0000014a1cee0000)

Polling page: 0x0000014a028e0000

Metaspace:

Usage:
  Non-class:     58.58 MB used.
      Class:      8.62 MB used.
       Both:     67.20 MB used.

Virtual space:
  Non-class space:       64.00 MB reserved,      58.88 MB ( 92%) committed,  8 nodes.
      Class space:        1.00 GB reserved,       8.88 MB ( <1%) committed,  1 nodes.
             Both:        1.06 GB reserved,      67.75 MB (  6%) committed. 

Chunk freelists:
   Non-Class:  1008.00 KB
       Class:  3.14 MB
        Both:  4.12 MB

MaxMetaspaceSize: unlimited
CompressedClassSpaceSize: 1.00 GB
Initial GC threshold: 21.00 MB
Current GC threshold: 99.00 MB
CDS: off
MetaspaceReclaimPolicy: balanced
 - commit_granule_bytes: 65536.
 - commit_granule_words: 8192.
 - virtual_space_node_default_size: 1048576.
 - enlarge_chunks_in_place: 1.
 - new_chunks_are_fully_committed: 0.
 - uncommit_free_chunks: 1.
 - use_allocation_guard: 0.
 - handle_deallocations: 1.


Internal statistics:

num_allocs_failed_limit: 9.
num_arena_births: 658.
num_arena_deaths: 0.
num_vsnodes_births: 9.
num_vsnodes_deaths: 0.
num_space_committed: 1084.
num_space_uncommitted: 0.
num_chunks_returned_to_freelist: 9.
num_chunks_taken_from_freelist: 2735.
num_chunk_merges: 9.
num_chunk_splits: 1958.
num_chunks_enlarged: 1530.
num_purges: 0.
num_inconsistent_stats: 0.

CodeHeap 'non-profiled nmethods': size=120000Kb used=3412Kb max_used=3412Kb free=116587Kb
 bounds [0x0000014a0fd10000, 0x0000014a10090000, 0x0000014a17240000]
CodeHeap 'profiled nmethods': size=120000Kb used=9920Kb max_used=10818Kb free=110079Kb
 bounds [0x0000014a087e0000, 0x0000014a09280000, 0x0000014a0fd10000]
CodeHeap 'non-nmethods': size=5760Kb used=1363Kb max_used=1429Kb free=4396Kb
 bounds [0x0000014a08240000, 0x0000014a084b0000, 0x0000014a087e0000]
 total_blobs=5741 nmethods=5062 adapters=589
 compilation: enabled
              stopped_count=0, restarted_count=0
 full_count=0

Compilation events (20 events):
Event: 3.499 Thread 0x0000014a2448cdb0 5885       3       java.lang.invoke.DelegatingMethodHandle::makeReinvokerForm (344 bytes)
Event: 3.500 Thread 0x0000014a2448cdb0 nmethod 5885 0x0000014a08806910 code [0x0000014a08806ce0, 0x0000014a088090f8]
Event: 3.500 Thread 0x0000014a2448cdb0 5887       3       java.util.TreeMap::successor (66 bytes)
Event: 3.501 Thread 0x0000014a2448cdb0 nmethod 5887 0x0000014a08aeed90 code [0x0000014a08aeef60, 0x0000014a08aef2d8]
Event: 3.501 Thread 0x0000014a2448cdb0 5889       3       org.springframework.boot.autoconfigure.condition.ConditionEvaluationReport::lambda$addNoMatchOutcomeToAncestors$1 (41 bytes)
Event: 3.502 Thread 0x0000014a2448cdb0 nmethod 5889 0x0000014a08b49410 code [0x0000014a08b49780, 0x0000014a08b4ab98]
Event: 3.502 Thread 0x0000014a2448cdb0 5888       2       org.springframework.boot.autoconfigure.condition.ConditionEvaluationReport$$Lambda$1297/0x00000008008d8450::accept (20 bytes)
Event: 3.502 Thread 0x0000014a2448cdb0 nmethod 5888 0x0000014a08b48f90 code [0x0000014a08b49140, 0x0000014a08b49308]
Event: 3.502 Thread 0x0000014a2448cdb0 5886       3       java.lang.invoke.DelegatingMethodHandle::whichKind (44 bytes)
Event: 3.502 Thread 0x0000014a2448cdb0 nmethod 5886 0x0000014a08932310 code [0x0000014a089324c0, 0x0000014a08932698]
Event: 3.502 Thread 0x0000014a2448cdb0 5891       1       org.springframework.boot.autoconfigure.condition.ConditionEvaluationReport$ConditionAndOutcome::getOutcome (5 bytes)
Event: 3.502 Thread 0x0000014a2448cdb0 nmethod 5891 0x0000014a0fdd4c90 code [0x0000014a0fdd4e20, 0x0000014a0fdd4ef8]
Event: 3.502 Thread 0x0000014a2448cdb0 5894       2       java.util.TreeMap::forEach (58 bytes)
Event: 3.503 Thread 0x0000014a2448cdb0 nmethod 5894 0x0000014a08b48510 code [0x0000014a08b48700, 0x0000014a08b48af8]
Event: 3.503 Thread 0x0000014a2448cdb0 5895 %     3       java.util.TreeMap::forEach @ 15 (58 bytes)
Event: 3.503 Thread 0x0000014a2448cdb0 nmethod 5895% 0x0000014a087ec590 code [0x0000014a087ec7a0, 0x0000014a087ecef8]
Event: 3.504 Thread 0x0000014a2448cdb0 5896   !   2       org.springframework.util.ConcurrentReferenceHashMap$Segment::clear (69 bytes)
Event: 3.504 Thread 0x0000014a2448cdb0 nmethod 5896 0x0000014a08d9d410 code [0x0000014a08d9d620, 0x0000014a08d9da98]
Event: 3.505 Thread 0x0000014a2448cdb0 5898       2       java.io.OutputStream::flush (1 bytes)
Event: 3.505 Thread 0x0000014a2448cdb0 nmethod 5898 0x0000014a08882710 code [0x0000014a088828a0, 0x0000014a08882998]

GC Heap History (20 events):
Event: 0.777 GC heap before
{Heap before GC invocations=3 (full 0):
 garbage-first heap   total 40960K, used 24659K [0x0000000702000000, 0x0000000800000000)
  region size 2048K, 11 young (22528K), 2 survivors (4096K)
 Metaspace       used 24740K, committed 25024K, reserved 1073152K
  class space    used 2750K, committed 2880K, reserved 1048576K
}
Event: 0.779 GC heap after
{Heap after GC invocations=4 (full 0):
 garbage-first heap   total 40960K, used 9741K [0x0000000702000000, 0x0000000800000000)
  region size 2048K, 2 young (4096K), 2 survivors (4096K)
 Metaspace       used 24740K, committed 25024K, reserved 1073152K
  class space    used 2750K, committed 2880K, reserved 1048576K
}
Event: 0.972 GC heap before
{Heap before GC invocations=4 (full 0):
 garbage-first heap   total 40960K, used 26125K [0x0000000702000000, 0x0000000800000000)
  region size 2048K, 10 young (20480K), 2 survivors (4096K)
 Metaspace       used 26854K, committed 27136K, reserved 1081344K
  class space    used 3007K, committed 3136K, reserved 1048576K
}
Event: 0.976 GC heap after
{Heap after GC invocations=5 (full 0):
 garbage-first heap   total 40960K, used 10711K [0x0000000702000000, 0x0000000800000000)
  region size 2048K, 2 young (4096K), 2 survivors (4096K)
 Metaspace       used 26854K, committed 27136K, reserved 1081344K
  class space    used 3007K, committed 3136K, reserved 1048576K
}
Event: 1.249 GC heap before
{Heap before GC invocations=5 (full 0):
 garbage-first heap   total 40960K, used 27095K [0x0000000702000000, 0x0000000800000000)
  region size 2048K, 10 young (20480K), 2 survivors (4096K)
 Metaspace       used 29949K, committed 30336K, reserved 1081344K
  class space    used 3460K, committed 3648K, reserved 1048576K
}
Event: 1.256 GC heap after
{Heap after GC invocations=6 (full 0):
 garbage-first heap   total 40960K, used 12608K [0x0000000702000000, 0x0000000800000000)
  region size 2048K, 2 young (4096K), 2 survivors (4096K)
 Metaspace       used 29949K, committed 30336K, reserved 1081344K
  class space    used 3460K, committed 3648K, reserved 1048576K
}
Event: 1.492 GC heap before
{Heap before GC invocations=6 (full 0):
 garbage-first heap   total 40960K, used 24896K [0x0000000702000000, 0x0000000800000000)
  region size 2048K, 9 young (18432K), 2 survivors (4096K)
 Metaspace       used 33727K, committed 34048K, reserved 1081344K
  class space    used 3945K, committed 4096K, reserved 1048576K
}
Event: 1.497 GC heap after
{Heap after GC invocations=7 (full 0):
 garbage-first heap   total 40960K, used 13982K [0x0000000702000000, 0x0000000800000000)
  region size 2048K, 2 young (4096K), 2 survivors (4096K)
 Metaspace       used 33727K, committed 34048K, reserved 1081344K
  class space    used 3945K, committed 4096K, reserved 1048576K
}
Event: 1.626 GC heap before
{Heap before GC invocations=7 (full 0):
 garbage-first heap   total 40960K, used 22174K [0x0000000702000000, 0x0000000800000000)
  region size 2048K, 7 young (14336K), 2 survivors (4096K)
 Metaspace       used 35760K, committed 36096K, reserved 1081344K
  class space    used 4200K, committed 4352K, reserved 1048576K
}
Event: 1.630 GC heap after
{Heap after GC invocations=8 (full 0):
 garbage-first heap   total 151552K, used 15319K [0x0000000702000000, 0x0000000800000000)
  region size 2048K, 2 young (4096K), 2 survivors (4096K)
 Metaspace       used 35760K, committed 36096K, reserved 1081344K
  class space    used 4200K, committed 4352K, reserved 1048576K
}
Event: 2.134 GC heap before
{Heap before GC invocations=9 (full 0):
 garbage-first heap   total 69632K, used 52183K [0x0000000702000000, 0x0000000800000000)
  region size 2048K, 20 young (40960K), 2 survivors (4096K)
 Metaspace       used 47122K, committed 47552K, reserved 1097728K
  class space    used 5730K, committed 5952K, reserved 1048576K
}
Event: 2.137 GC heap after
{Heap after GC invocations=10 (full 0):
 garbage-first heap   total 69632K, used 18068K [0x0000000702000000, 0x0000000800000000)
  region size 2048K, 3 young (6144K), 3 survivors (6144K)
 Metaspace       used 47122K, committed 47552K, reserved 1097728K
  class space    used 5730K, committed 5952K, reserved 1048576K
}
Event: 2.465 GC heap before
{Heap before GC invocations=10 (full 0):
 garbage-first heap   total 69632K, used 46740K [0x0000000702000000, 0x0000000800000000)
  region size 2048K, 17 young (34816K), 3 survivors (6144K)
 Metaspace       used 53826K, committed 54272K, reserved 1097728K
  class space    used 6595K, committed 6784K, reserved 1048576K
}
Event: 2.469 GC heap after
{Heap after GC invocations=11 (full 0):
 garbage-first heap   total 69632K, used 19926K [0x0000000702000000, 0x0000000800000000)
  region size 2048K, 3 young (6144K), 3 survivors (6144K)
 Metaspace       used 53826K, committed 54272K, reserved 1097728K
  class space    used 6595K, committed 6784K, reserved 1048576K
}
Event: 2.751 GC heap before
{Heap before GC invocations=11 (full 0):
 garbage-first heap   total 69632K, used 46550K [0x0000000702000000, 0x0000000800000000)
  region size 2048K, 16 young (32768K), 3 survivors (6144K)
 Metaspace       used 59621K, committed 60096K, reserved 1105920K
  class space    used 7547K, committed 7808K, reserved 1048576K
}
Event: 2.754 GC heap after
{Heap after GC invocations=12 (full 0):
 garbage-first heap   total 69632K, used 21092K [0x0000000702000000, 0x0000000800000000)
  region size 2048K, 2 young (4096K), 2 survivors (4096K)
 Metaspace       used 59621K, committed 60096K, reserved 1105920K
  class space    used 7547K, committed 7808K, reserved 1048576K
}
Event: 2.801 GC heap before
{Heap before GC invocations=12 (full 0):
 garbage-first heap   total 69632K, used 25188K [0x0000000702000000, 0x0000000800000000)
  region size 2048K, 5 young (10240K), 2 survivors (4096K)
 Metaspace       used 60220K, committed 60608K, reserved 1105920K
  class space    used 7602K, committed 7808K, reserved 1048576K
}
Event: 2.803 GC heap after
{Heap after GC invocations=13 (full 0):
 garbage-first heap   total 69632K, used 21315K [0x0000000702000000, 0x0000000800000000)
  region size 2048K, 1 young (2048K), 1 survivors (2048K)
 Metaspace       used 60220K, committed 60608K, reserved 1105920K
  class space    used 7602K, committed 7808K, reserved 1048576K
}
Event: 3.209 GC heap before
{Heap before GC invocations=14 (full 0):
 garbage-first heap   total 69632K, used 52035K [0x0000000702000000, 0x0000000800000000)
  region size 2048K, 16 young (32768K), 1 survivors (2048K)
 Metaspace       used 66158K, committed 66688K, reserved 1114112K
  class space    used 8464K, committed 8704K, reserved 1048576K
}
Event: 3.212 GC heap after
{Heap after GC invocations=15 (full 0):
 garbage-first heap   total 83968K, used 23812K [0x0000000702000000, 0x0000000800000000)
  region size 2048K, 2 young (4096K), 2 survivors (4096K)
 Metaspace       used 66158K, committed 66688K, reserved 1114112K
  class space    used 8464K, committed 8704K, reserved 1048576K
}

Deoptimization events (20 events):
Event: 3.436 Thread 0x0000014a04b76fc0 Uncommon trap: trap_request=0xffffffde fr.pc=0x0000014a0fd814f0 relative=0x0000000000000130
Event: 3.436 Thread 0x0000014a04b76fc0 Uncommon trap: reason=class_check action=maybe_recompile pc=0x0000014a0fd814f0 method=org.springframework.boot.context.properties.source.ConfigurationPropertyName$Elements.charAt(II)C @ 43 c2
Event: 3.436 Thread 0x0000014a04b76fc0 DEOPT PACKING pc=0x0000014a0fd814f0 sp=0x0000001b7a9fafc0
Event: 3.436 Thread 0x0000014a04b76fc0 DEOPT UNPACKING pc=0x0000014a08295c23 sp=0x0000001b7a9faf38 mode 2
Event: 3.442 Thread 0x0000014a04b76fc0 Uncommon trap: trap_request=0xfffffff4 fr.pc=0x0000014a0fe298d0 relative=0x0000000000000230
Event: 3.442 Thread 0x0000014a04b76fc0 Uncommon trap: reason=null_check action=make_not_entrant pc=0x0000014a0fe298d0 method=org.springframework.util.ClassUtils.isAssignable(Ljava/lang/Class;Ljava/lang/Class;)Z @ 14 c2
Event: 3.442 Thread 0x0000014a04b76fc0 DEOPT PACKING pc=0x0000014a0fe298d0 sp=0x0000001b7a9fe940
Event: 3.442 Thread 0x0000014a04b76fc0 DEOPT UNPACKING pc=0x0000014a08295c23 sp=0x0000001b7a9fe8d0 mode 2
Event: 3.466 Thread 0x0000014a04b76fc0 Uncommon trap: trap_request=0xffffff66 fr.pc=0x0000014a0fd7af4c relative=0x000000000000022c
Event: 3.466 Thread 0x0000014a04b76fc0 Uncommon trap: reason=speculate_class_check action=maybe_recompile pc=0x0000014a0fd7af4c method=java.util.stream.AbstractPipeline.spliterator()Ljava/util/Spliterator; @ 112 c2
Event: 3.466 Thread 0x0000014a04b76fc0 DEOPT PACKING pc=0x0000014a0fd7af4c sp=0x0000001b7a9fdce0
Event: 3.466 Thread 0x0000014a04b76fc0 DEOPT UNPACKING pc=0x0000014a08295c23 sp=0x0000001b7a9fdc88 mode 2
Event: 3.489 Thread 0x0000014a04b76fc0 Uncommon trap: trap_request=0xffffffc6 fr.pc=0x0000014a0ffcdee4 relative=0x00000000000009e4
Event: 3.489 Thread 0x0000014a04b76fc0 Uncommon trap: reason=bimorphic_or_optimized_type_check action=maybe_recompile pc=0x0000014a0ffcdee4 method=java.util.TreeMap.getEntryUsingComparator(Ljava/lang/Object;)Ljava/util/TreeMap$Entry; @ 29 c2
Event: 3.489 Thread 0x0000014a04b76fc0 DEOPT PACKING pc=0x0000014a0ffcdee4 sp=0x0000001b7a9fd880
Event: 3.489 Thread 0x0000014a04b76fc0 DEOPT UNPACKING pc=0x0000014a08295c23 sp=0x0000001b7a9fd810 mode 2
Event: 3.503 Thread 0x0000014a04b76fc0 Uncommon trap: trap_request=0xffffff45 fr.pc=0x0000014a0fd6db60 relative=0x0000000000000060
Event: 3.503 Thread 0x0000014a04b76fc0 Uncommon trap: reason=unstable_if action=reinterpret pc=0x0000014a0fd6db60 method=org.springframework.util.ConcurrentReferenceHashMap$Segment.clear()V @ 7 c2
Event: 3.503 Thread 0x0000014a04b76fc0 DEOPT PACKING pc=0x0000014a0fd6db60 sp=0x0000001b7a9fef70
Event: 3.503 Thread 0x0000014a04b76fc0 DEOPT UNPACKING pc=0x0000014a08295c23 sp=0x0000001b7a9fef00 mode 2

Classes unloaded (0 events):
No events

Classes redefined (0 events):
No events

Internal exceptions (20 events):
Event: 2.837 Thread 0x0000014a04b76fc0 Exception <a 'java/lang/NoSuchMethodError'{0x0000000706081e30}: 'java.lang.Object java.lang.invoke.DirectMethodHandle$Holder.invokeSpecial(java.lang.Object, java.lang.Object, java.lang.Object, java.lang.Object, java.lang.Object, java.lang.Object, java.lang.Object, java.lang.Object, int)'> (0x0000000706081e30) 
thrown [s\src\hotspot\share\interpreter\linkResolver.cpp, line 759]
Event: 2.854 Thread 0x0000014a04b76fc0 Exception <a 'java/lang/NoSuchMethodError'{0x0000000705e0ba08}: 'void java.lang.invoke.DirectMethodHandle$Holder.invokeInterface(java.lang.Object, java.lang.Object)'> (0x0000000705e0ba08) 
thrown [s\src\hotspot\share\interpreter\linkResolver.cpp, line 759]
Event: 2.862 Thread 0x0000014a04b76fc0 Exception <a 'java/lang/NoSuchMethodError'{0x0000000705e9f9b0}: 'java.lang.Object java.lang.invoke.DirectMethodHandle$Holder.newInvokeSpecial(java.lang.Object, java.lang.Object, int, java.lang.Object, int, java.lang.Object, java.lang.Object, java.lang.Object)'> (0x0000000705e9f9b0) 
thrown [s\src\hotspot\share\interpreter\linkResolver.cpp, line 759]
Event: 2.918 Thread 0x0000014a04b76fc0 Exception <a 'java/lang/NoSuchMethodError'{0x000000070586ebf0}: 'java.lang.Object java.lang.invoke.DirectMethodHandle$Holder.invokeSpecial(java.lang.Object, java.lang.Object, int, java.lang.Object, int)'> (0x000000070586ebf0) 
thrown [s\src\hotspot\share\interpreter\linkResolver.cpp, line 759]
Event: 2.991 Thread 0x0000014a04b76fc0 Exception <a 'java/lang/IncompatibleClassChangeError'{0x00000007055a9f58}: Found class java.lang.Object, but interface was expected> (0x00000007055a9f58) 
thrown [s\src\hotspot\share\interpreter\linkResolver.cpp, line 826]
Event: 3.010 Thread 0x0000014a04b76fc0 Exception <a 'java/lang/IncompatibleClassChangeError'{0x000000070530be30}: Found class java.lang.Object, but interface was expected> (0x000000070530be30) 
thrown [s\src\hotspot\share\interpreter\linkResolver.cpp, line 826]
Event: 3.108 Thread 0x0000014a04b76fc0 Exception <a 'java/lang/IncompatibleClassChangeError'{0x0000000704bb4178}: Found class java.lang.Object, but interface was expected> (0x0000000704bb4178) 
thrown [s\src\hotspot\share\interpreter\linkResolver.cpp, line 826]
Event: 3.141 Thread 0x0000014a04b76fc0 Exception <a 'java/lang/reflect/InvocationTargetException'{0x000000070467d838}> (0x000000070467d838) 
thrown [s\src\hotspot\share\runtime\reflection.cpp, line 1121]
Event: 3.149 Thread 0x0000014a04b76fc0 Exception <a 'java/lang/NoSuchMethodError'{0x00000007046db238}: 'int java.lang.invoke.DirectMethodHandle$Holder.invokeStatic(java.lang.Object, java.lang.Object, int)'> (0x00000007046db238) 
thrown [s\src\hotspot\share\interpreter\linkResolver.cpp, line 759]
Event: 3.151 Thread 0x0000014a04b76fc0 Exception <a 'java/lang/NoSuchMethodError'{0x00000007046f7d38}: 'java.lang.Object java.lang.invoke.DirectMethodHandle$Holder.newInvokeSpecial(java.lang.Object, java.lang.Object, int)'> (0x00000007046f7d38) 
thrown [s\src\hotspot\share\interpreter\linkResolver.cpp, line 759]
Event: 3.154 Thread 0x0000014a04b76fc0 Exception <a 'java/lang/IncompatibleClassChangeError'{0x0000000704722590}: Found class java.lang.Object, but interface was expected> (0x0000000704722590) 
thrown [s\src\hotspot\share\interpreter\linkResolver.cpp, line 826]
Event: 3.154 Thread 0x0000014a04b76fc0 Exception <a 'java/lang/IncompatibleClassChangeError'{0x0000000704728b98}: Found class java.lang.Object, but interface was expected> (0x0000000704728b98) 
thrown [s\src\hotspot\share\interpreter\linkResolver.cpp, line 826]
Event: 3.313 Thread 0x0000014a04b76fc0 Exception <a 'java/lang/NoSuchMethodError'{0x0000000706b9cc50}: 'void java.lang.invoke.DirectMethodHandle$Holder.invokeVirtual(java.lang.Object, java.lang.Object, int)'> (0x0000000706b9cc50) 
thrown [s\src\hotspot\share\interpreter\linkResolver.cpp, line 759]
Event: 3.315 Thread 0x0000014a04b76fc0 Exception <a 'java/lang/NoSuchMethodError'{0x0000000706bb77f8}: 'void java.lang.invoke.DirectMethodHandle$Holder.invokeVirtual(java.lang.Object, java.lang.Object, long)'> (0x0000000706bb77f8) 
thrown [s\src\hotspot\share\interpreter\linkResolver.cpp, line 759]
Event: 3.397 Thread 0x0000014a04b76fc0 Exception <a 'java/lang/IncompatibleClassChangeError'{0x0000000706526618}: Found class java.lang.Object, but interface was expected> (0x0000000706526618) 
thrown [s\src\hotspot\share\interpreter\linkResolver.cpp, line 826]
Event: 3.442 Thread 0x0000014a04b76fc0 Implicit null exception at 0x0000014a0fe296ba to 0x0000014a0fe298bc
Event: 3.477 Thread 0x0000014a04b76fc0 Exception <a 'java/lang/NoSuchMethodError'{0x0000000705f370e0}: 'java.lang.Object java.lang.invoke.DirectMethodHandle$Holder.newInvokeSpecial(java.lang.Object, java.lang.Object, int, java.lang.Object, java.lang.Object)'> (0x0000000705f370e0) 
thrown [s\src\hotspot\share\interpreter\linkResolver.cpp, line 759]
Event: 3.477 Thread 0x0000014a04b76fc0 Exception <a 'java/lang/NoSuchMethodError'{0x0000000705f42470}: 'java.lang.Object java.lang.invoke.DirectMethodHandle$Holder.invokeSpecial(java.lang.Object, java.lang.Object, int, java.lang.Object, int, java.lang.Object)'> (0x0000000705f42470) 
thrown [s\src\hotspot\share\interpreter\linkResolver.cpp, line 759]
Event: 3.478 Thread 0x0000014a04b76fc0 Exception <a 'java/lang/NoSuchMethodError'{0x0000000705f4a1e8}: 'java.lang.Object java.lang.invoke.DirectMethodHandle$Holder.newInvokeSpecial(java.lang.Object, java.lang.Object, int, java.lang.Object, int)'> (0x0000000705f4a1e8) 
thrown [s\src\hotspot\share\interpreter\linkResolver.cpp, line 759]
Event: 3.478 Thread 0x0000014a04b76fc0 Exception <a 'java/lang/NoSuchMethodError'{0x0000000705f4e2e8}: 'java.lang.Object java.lang.invoke.DirectMethodHandle$Holder.invokeSpecial(java.lang.Object, java.lang.Object, java.lang.Object, int, java.lang.Object, int)'> (0x0000000705f4e2e8) 
thrown [s\src\hotspot\share\interpreter\linkResolver.cpp, line 759]

VM Operations (20 events):
Event: 2.903 Executing VM operation: HandshakeAllThreads
Event: 2.903 Executing VM operation: HandshakeAllThreads done
Event: 3.063 Executing VM operation: ICBufferFull
Event: 3.063 Executing VM operation: ICBufferFull done
Event: 3.064 Executing VM operation: HandshakeAllThreads
Event: 3.064 Executing VM operation: HandshakeAllThreads done
Event: 3.118 Executing VM operation: HandshakeAllThreads
Event: 3.118 Executing VM operation: HandshakeAllThreads done
Event: 3.119 Executing VM operation: HandshakeAllThreads
Event: 3.119 Executing VM operation: HandshakeAllThreads done
Event: 3.209 Executing VM operation: G1CollectForAllocation
Event: 3.212 Executing VM operation: G1CollectForAllocation done
Event: 3.234 Executing VM operation: HandshakeAllThreads
Event: 3.234 Executing VM operation: HandshakeAllThreads done
Event: 3.259 Executing VM operation: HandshakeAllThreads
Event: 3.259 Executing VM operation: HandshakeAllThreads done
Event: 3.331 Executing VM operation: HandshakeAllThreads
Event: 3.331 Executing VM operation: HandshakeAllThreads done
Event: 3.385 Executing VM operation: HandshakeAllThreads
Event: 3.385 Executing VM operation: HandshakeAllThreads done

Events (20 events):
Event: 3.493 loading class sun/nio/ch/SourceChannelImpl
Event: 3.493 loading class java/nio/channels/Pipe$SourceChannel
Event: 3.493 loading class java/nio/channels/Pipe$SourceChannel done
Event: 3.493 loading class sun/nio/ch/SourceChannelImpl done
Event: 3.493 loading class sun/nio/ch/SinkChannelImpl
Event: 3.493 loading class java/nio/channels/Pipe$SinkChannel
Event: 3.493 loading class java/nio/channels/Pipe$SinkChannel done
Event: 3.493 loading class sun/nio/ch/SinkChannelImpl done
Event: 3.494 Thread 0x0000014a28c4d7a0 Thread added: 0x0000014a28c4d7a0
Event: 3.494 loading class java/nio/channels/spi/AbstractSelector$1
Event: 3.494 loading class java/nio/channels/spi/AbstractSelector$1 done
Event: 3.495 Thread 0x0000014a28c4f950 Thread added: 0x0000014a28c4f950
Event: 3.495 loading class java/util/TreeMap$ValueSpliterator
Event: 3.495 loading class java/util/TreeMap$TreeMapSpliterator
Event: 3.495 loading class java/util/TreeMap$TreeMapSpliterator done
Event: 3.495 loading class java/util/TreeMap$ValueSpliterator done
Event: 3.509 loading class java/util/IdentityHashMap$KeyIterator
Event: 3.509 loading class java/util/IdentityHashMap$KeyIterator done
Event: 3.509 Thread 0x0000014a04b76fc0 Thread exited: 0x0000014a04b76fc0
Event: 3.509 Thread 0x0000014a28c4dc70 Thread added: 0x0000014a28c4dc70


Dynamic libraries:
0x00007ff600370000 - 0x00007ff60037e000 	C:\Users\in2dm3-v\.p2\pool\plugins\org.eclipse.justj.openjdk.hotspot.jre.full.win32.x86_64_17.0.4.v20220903-1038\jre\bin\javaw.exe
0x00007ff819bd0000 - 0x00007ff819dc8000 	C:\Windows\SYSTEM32\ntdll.dll
0x00007ff818fb0000 - 0x00007ff81906f000 	C:\Windows\System32\KERNEL32.DLL
0x00007ff817690000 - 0x00007ff817962000 	C:\Windows\System32\KERNELBASE.dll
0x00007ff817ae0000 - 0x00007ff817be0000 	C:\Windows\System32\ucrtbase.dll
0x00007ff810d50000 - 0x00007ff810d69000 	C:\Users\in2dm3-v\.p2\pool\plugins\org.eclipse.justj.openjdk.hotspot.jre.full.win32.x86_64_17.0.4.v20220903-1038\jre\bin\VCRUNTIME140.dll
0x00007ff810d70000 - 0x00007ff810d88000 	C:\Users\in2dm3-v\.p2\pool\plugins\org.eclipse.justj.openjdk.hotspot.jre.full.win32.x86_64_17.0.4.v20220903-1038\jre\bin\jli.dll
0x00007ff818da0000 - 0x00007ff818f41000 	C:\Windows\System32\USER32.dll
0x00007ff80c920000 - 0x00007ff80cbba000 	C:\Windows\WinSxS\amd64_microsoft.windows.common-controls_6595b64144ccf1df_6.0.19041.1110_none_60b5254171f9507e\COMCTL32.dll
0x00007ff819110000 - 0x00007ff8191ae000 	C:\Windows\System32\msvcrt.dll
0x00007ff817a80000 - 0x00007ff817aa2000 	C:\Windows\System32\win32u.dll
0x00007ff819070000 - 0x00007ff81909b000 	C:\Windows\System32\GDI32.dll
0x00007ff817440000 - 0x00007ff81754f000 	C:\Windows\System32\gdi32full.dll
0x00007ff817970000 - 0x00007ff817a0d000 	C:\Windows\System32\msvcp_win.dll
0x00007ff8191b0000 - 0x00007ff8191e2000 	C:\Windows\System32\IMM32.DLL
0x00007ff812460000 - 0x00007ff81246c000 	C:\Users\in2dm3-v\.p2\pool\plugins\org.eclipse.justj.openjdk.hotspot.jre.full.win32.x86_64_17.0.4.v20220903-1038\jre\bin\vcruntime140_1.dll
0x00007fffeb940000 - 0x00007fffeb9d1000 	C:\Users\in2dm3-v\.p2\pool\plugins\org.eclipse.justj.openjdk.hotspot.jre.full.win32.x86_64_17.0.4.v20220903-1038\jre\bin\msvcp140.dll
0x00007fffb2b70000 - 0x00007fffb37b6000 	C:\Users\in2dm3-v\.p2\pool\plugins\org.eclipse.justj.openjdk.hotspot.jre.full.win32.x86_64_17.0.4.v20220903-1038\jre\bin\server\jvm.dll
0x00007ff819650000 - 0x00007ff8196fe000 	C:\Windows\System32\ADVAPI32.dll
0x00007ff817be0000 - 0x00007ff817c7c000 	C:\Windows\System32\sechost.dll
0x00007ff8191f0000 - 0x00007ff819315000 	C:\Windows\System32\RPCRT4.dll
0x00007ff819b50000 - 0x00007ff819b58000 	C:\Windows\System32\PSAPI.DLL
0x00007ff811ff0000 - 0x00007ff811ffa000 	C:\Windows\SYSTEM32\VERSION.dll
0x00007ff814050000 - 0x00007ff814059000 	C:\Windows\SYSTEM32\WSOCK32.dll
0x00007ff80d700000 - 0x00007ff80d727000 	C:\Windows\SYSTEM32\WINMM.dll
0x00007ff8190a0000 - 0x00007ff81910b000 	C:\Windows\System32\WS2_32.dll
0x00007ff815170000 - 0x00007ff815182000 	C:\Windows\SYSTEM32\kernel.appcore.dll
0x00007ff80f140000 - 0x00007ff80f14a000 	C:\Users\in2dm3-v\.p2\pool\plugins\org.eclipse.justj.openjdk.hotspot.jre.full.win32.x86_64_17.0.4.v20220903-1038\jre\bin\jimage.dll
0x00007ff811820000 - 0x00007ff811a04000 	C:\Windows\SYSTEM32\DBGHELP.DLL
0x00007ff811a80000 - 0x00007ff811ab5000 	C:\Windows\SYSTEM32\dbgcore.DLL
0x00007ff817550000 - 0x00007ff8175d2000 	C:\Windows\System32\bcryptPrimitives.dll
0x00007fffc4470000 - 0x00007fffc4495000 	C:\Users\in2dm3-v\.p2\pool\plugins\org.eclipse.justj.openjdk.hotspot.jre.full.win32.x86_64_17.0.4.v20220903-1038\jre\bin\java.dll
0x00007ff80f120000 - 0x00007ff80f138000 	C:\Users\in2dm3-v\.p2\pool\plugins\org.eclipse.justj.openjdk.hotspot.jre.full.win32.x86_64_17.0.4.v20220903-1038\jre\bin\zip.dll
0x00007ff818570000 - 0x00007ff818cb4000 	C:\Windows\System32\SHELL32.dll
0x00007ff815370000 - 0x00007ff815b02000 	C:\Windows\SYSTEM32\windows.storage.dll
0x00007ff817c80000 - 0x00007ff817fd5000 	C:\Windows\System32\combase.dll
0x00007ff816cf0000 - 0x00007ff816d20000 	C:\Windows\SYSTEM32\Wldp.dll
0x00007ff819830000 - 0x00007ff8198dd000 	C:\Windows\System32\SHCORE.dll
0x00007ff818f50000 - 0x00007ff818fa5000 	C:\Windows\System32\shlwapi.dll
0x00007ff8171d0000 - 0x00007ff8171ef000 	C:\Windows\SYSTEM32\profapi.dll
0x00007fffc4450000 - 0x00007fffc4469000 	C:\Users\in2dm3-v\.p2\pool\plugins\org.eclipse.justj.openjdk.hotspot.jre.full.win32.x86_64_17.0.4.v20220903-1038\jre\bin\net.dll
0x00007ff8124b0000 - 0x00007ff8125bc000 	C:\Windows\SYSTEM32\WINHTTP.dll
0x00007ff816a50000 - 0x00007ff816aba000 	C:\Windows\system32\mswsock.dll
0x00007fffb4160000 - 0x00007fffb4175000 	C:\Users\in2dm3-v\.p2\pool\plugins\org.eclipse.justj.openjdk.hotspot.jre.full.win32.x86_64_17.0.4.v20220903-1038\jre\bin\nio.dll
0x00007fffeb6b0000 - 0x00007fffeb6c0000 	C:\Users\in2dm3-v\.p2\pool\plugins\org.eclipse.justj.openjdk.hotspot.jre.full.win32.x86_64_17.0.4.v20220903-1038\jre\bin\verify.dll
0x00007ff816c40000 - 0x00007ff816c58000 	C:\Windows\SYSTEM32\CRYPTSP.dll
0x00007ff816300000 - 0x00007ff816334000 	C:\Windows\system32\rsaenh.dll
0x00007ff817ab0000 - 0x00007ff817ad7000 	C:\Windows\System32\bcrypt.dll
0x00007ff817150000 - 0x00007ff81717e000 	C:\Windows\SYSTEM32\USERENV.dll
0x00007ff816c60000 - 0x00007ff816c6c000 	C:\Windows\SYSTEM32\CRYPTBASE.dll
0x00007ff8166f0000 - 0x00007ff81672b000 	C:\Windows\SYSTEM32\IPHLPAPI.DLL
0x00007ff819570000 - 0x00007ff819578000 	C:\Windows\System32\NSI.dll
0x00007ff812c40000 - 0x00007ff812c57000 	C:\Windows\SYSTEM32\dhcpcsvc6.DLL
0x00007ff812c20000 - 0x00007ff812c3d000 	C:\Windows\SYSTEM32\dhcpcsvc.DLL
0x00007ff816730000 - 0x00007ff8167fa000 	C:\Windows\SYSTEM32\DNSAPI.dll
0x00007ff811310000 - 0x00007ff81131e000 	C:\Users\in2dm3-v\.p2\pool\plugins\org.eclipse.justj.openjdk.hotspot.jre.full.win32.x86_64_17.0.4.v20220903-1038\jre\bin\sunmscapi.dll
0x00007ff817290000 - 0x00007ff8173e6000 	C:\Windows\System32\CRYPT32.dll
0x00007ff816d60000 - 0x00007ff816d87000 	C:\Windows\SYSTEM32\ncrypt.dll
0x00007ff816d20000 - 0x00007ff816d5b000 	C:\Windows\SYSTEM32\NTASN1.dll
0x00007fffeb1b0000 - 0x00007fffeb1b9000 	C:\Users\in2dm3-v\.p2\pool\plugins\org.eclipse.justj.openjdk.hotspot.jre.full.win32.x86_64_17.0.4.v20220903-1038\jre\bin\management.dll
0x00007fffeb140000 - 0x00007fffeb14b000 	C:\Users\in2dm3-v\.p2\pool\plugins\org.eclipse.justj.openjdk.hotspot.jre.full.win32.x86_64_17.0.4.v20220903-1038\jre\bin\management_ext.dll
0x00007ff8121e0000 - 0x00007ff8121ea000 	C:\Windows\System32\rasadhlp.dll
0x00007ff812c60000 - 0x00007ff812ce0000 	C:\Windows\System32\fwpuclnt.dll
0x00007ff811f70000 - 0x00007ff811f77000 	C:\Windows\system32\wshunix.dll

dbghelp: loaded successfully - version: 4.0.5 - missing functions: none
symbol engine: initialized successfully - sym options: 0x614 - pdb path: .;C:\Users\in2dm3-v\.p2\pool\plugins\org.eclipse.justj.openjdk.hotspot.jre.full.win32.x86_64_17.0.4.v20220903-1038\jre\bin;C:\Windows\SYSTEM32;C:\Windows\WinSxS\amd64_microsoft.windows.common-controls_6595b64144ccf1df_6.0.19041.1110_none_60b5254171f9507e;C:\Users\in2dm3-v\.p2\pool\plugins\org.eclipse.justj.openjdk.hotspot.jre.full.win32.x86_64_17.0.4.v20220903-1038\jre\bin\server

VM Arguments:
jvm_args: -Dfile.encoding=UTF-8 -XX:+ShowCodeDetailsInExceptionMessages 
java_command: com.grupo5.reto2.Reto2Application
java_class_path (initial): C:\Users\in2dm3-v\git\notixEclipse\reto2\target\classes;C:\Users\in2dm3-v\.m2\repository\org\springframework\boot\spring-boot-starter-data-jpa\3.0.0\spring-boot-starter-data-jpa-3.0.0.jar;C:\Users\in2dm3-v\.m2\repository\org\springframework\boot\spring-boot-starter-aop\3.0.0\spring-boot-starter-aop-3.0.0.jar;C:\Users\in2dm3-v\.m2\repository\org\springframework\spring-aop\6.0.2\spring-aop-6.0.2.jar;C:\Users\in2dm3-v\.m2\repository\org\aspectj\aspectjweaver\1.9.9.1\aspectjweaver-1.9.9.1.jar;C:\Users\in2dm3-v\.m2\repository\org\springframework\boot\spring-boot-starter-jdbc\3.0.0\spring-boot-starter-jdbc-3.0.0.jar;C:\Users\in2dm3-v\.m2\repository\com\zaxxer\HikariCP\5.0.1\HikariCP-5.0.1.jar;C:\Users\in2dm3-v\.m2\repository\org\springframework\spring-jdbc\6.0.2\spring-jdbc-6.0.2.jar;C:\Users\in2dm3-v\.m2\repository\org\hibernate\orm\hibernate-core\6.1.5.Final\hibernate-core-6.1.5.Final.jar;C:\Users\in2dm3-v\.m2\repository\jakarta\persistence\jakarta.persistence-api\3.1.0\jakarta.persistence-api-3.1.0.jar;C:\Users\in2dm3-v\.m2\repository\jakarta\transaction\jakarta.transaction-api\2.0.1\jakarta.transaction-api-2.0.1.jar;C:\Users\in2dm3-v\.m2\repository\org\jboss\logging\jboss-logging\3.5.0.Final\jboss-logging-3.5.0.Final.jar;C:\Users\in2dm3-v\.m2\repository\org\hibernate\common\hibernate-commons-annotations\6.0.2.Final\hibernate-commons-annotations-6.0.2.Final.jar;C:\Users\in2dm3-v\.m2\repository\org\jboss\jandex\2.4.2.Final\jandex-2.4.2.Final.jar;C:\Users\in2dm3-v\.m2\repository\com\fasterxml\classmate\1.5.1\classmate-1.5.1.jar;C:\Users\in2dm3-v\.m2\repository\net\bytebuddy\byte-buddy\1.12.19\byte-buddy-1.12.19.jar;C:\Users\in2dm3-v\.m2\repository\org\glassfish\jaxb\jaxb-runtime\4.0.1\jaxb-runtime-4.0.1.jar;C:\Users\in2dm3-v\.m2\repository\org\glassfish\jaxb\jaxb-core\4.0.1\jaxb-core-4.0.1.jar;C:\Users\in2dm3-v\.m2\repository\org\eclipse\angus\angus-activation\1.0.0\angus-activation-1.0.0.jar;C:\Users\in2dm3-v\.m2\repository\org\glassfish\jax
Launcher Type: SUN_STANDARD

[Global flags]
     intx CICompilerCount                          = 4                                         {product} {ergonomic}
     uint ConcGCThreads                            = 3                                         {product} {ergonomic}
     uint G1ConcRefinementThreads                  = 10                                        {product} {ergonomic}
   size_t G1HeapRegionSize                         = 2097152                                   {product} {ergonomic}
    uintx GCDrainStackTargetSize                   = 64                                        {product} {ergonomic}
   size_t InitialHeapSize                          = 266338304                                 {product} {ergonomic}
   size_t MarkStackSize                            = 4194304                                   {product} {ergonomic}
   size_t MaxHeapSize                              = 4261412864                                {product} {ergonomic}
   size_t MaxNewSize                               = 2556428288                                {product} {ergonomic}
   size_t MinHeapDeltaBytes                        = 2097152                                   {product} {ergonomic}
   size_t MinHeapSize                              = 8388608                                   {product} {ergonomic}
    uintx NonNMethodCodeHeapSize                   = 5839372                                {pd product} {ergonomic}
    uintx NonProfiledCodeHeapSize                  = 122909434                              {pd product} {ergonomic}
    uintx ProfiledCodeHeapSize                     = 122909434                              {pd product} {ergonomic}
    uintx ReservedCodeCacheSize                    = 251658240                              {pd product} {ergonomic}
     bool SegmentedCodeCache                       = true                                      {product} {ergonomic}
     bool ShowCodeDetailsInExceptionMessages       = true                                   {manageable} {command line}
   size_t SoftMaxHeapSize                          = 4261412864                             {manageable} {ergonomic}
     bool UseCompressedClassPointers               = true                           {product lp64_product} {ergonomic}
     bool UseCompressedOops                        = true                           {product lp64_product} {ergonomic}
     bool UseG1GC                                  = true                                      {product} {ergonomic}
     bool UseLargePagesIndividualAllocation        = false                                  {pd product} {ergonomic}

Logging:
Log output configuration:
 #0: stdout all=warning uptime,level,tags
 #1: stderr all=off uptime,level,tags

Environment Variables:
PATH=C:/Users/in2dm3-v/.p2/pool/plugins/org.eclipse.justj.openjdk.hotspot.jre.full.win32.x86_64_17.0.4.v20220903-1038/jre/bin/server;C:/Users/in2dm3-v/.p2/pool/plugins/org.eclipse.justj.openjdk.hotspot.jre.full.win32.x86_64_17.0.4.v20220903-1038/jre/bin;C:\Windows\system32;C:\Windows;C:\Windows\System32\Wbem;C:\Windows\System32\WindowsPowerShell\v1.0\;C:\Windows\System32\OpenSSH\;C:\Program Files\Microsoft SQL Server\150\Tools\Binn\;C:\Program Files\Microsoft SQL Server\Client SDK\ODBC\170\Tools\Binn\;C:\Program Files\dotnet\;C:\Program Files (x86)\Microsoft SQL Server\150\DTS\Binn\;C:\Program Files\Azure Data Studio\bin;C:\Program Files (x86)\Microsoft SQL Server\150\Tools\Binn\;C:\Program Files\Microsoft SQL Server\150\DTS\Binn\;C:\Users\in2dm3-v\AppData\Local\Microsoft\WindowsApps;C:\Users\in2dm3-v\.dotnet\tools;C:\Users\in2dm3-v\AppData\Local\Programs\Git\cmd;C:\Users\in2dm3-v\eclipse\java-2022-06\eclipse;
USERNAME=in2dm3-v
OS=Windows_NT
PROCESSOR_IDENTIFIER=Intel64 Family 6 Model 167 Stepping 1, GenuineIntel
TMP=C:\Users\in2dm3-v\AppData\Local\Temp
TEMP=C:\Users\in2dm3-v\AppData\Local\Temp



---------------  S Y S T E M  ---------------

OS:
 Windows 10 , 64 bit Build 19041 (10.0.19041.2364)
OS uptime: 7 days 18:57 hours

CPU: total 12 (initial active 12) (6 cores per cpu, 2 threads per core) family 6 model 167 stepping 1 microcode 0x40, cx8, cmov, fxsr, ht, mmx, 3dnowpref, sse, sse2, sse3, ssse3, sse4.1, sse4.2, popcnt, lzcnt, tsc, tscinvbit, avx, avx2, aes, erms, clmul, bmi1, bmi2, adx, avx512f, avx512dq, avx512cd, avx512bw, avx512vl, sha, fma, vzeroupper, avx512_vpopcntdq, avx512_vpclmulqdq, avx512_vaes, avx512_vnni, clflush, clflushopt, avx512_vbmi2, avx512_vbmi

Memory: 4k page, system-wide physical 16253M (10288M free)
TotalPageFile size 18685M (AvailPageFile size 9872M)
current process WorkingSet (physical memory assigned to process): 304M, peak: 313M
current process commit charge ("private bytes"): 339M, peak: 377M

vm_info: OpenJDK 64-Bit Server VM (17.0.4.1+1) for windows-amd64 JRE (17.0.4.1+1), built on Aug 17 2022 07:42:43 by "temurin" with MS VC++ 16.7 (VS2019)

END.
