#
# A fatal error has been detected by the Java Runtime Environment:
#
#  EXCEPTION_ACCESS_VIOLATION (0xc0000005) at pc=0x00007fffb2b2a6ec, pid=8972, tid=12912
#
# JRE version: OpenJDK Runtime Environment Temurin-17.0.4.1+1 (17.0.4.1+1) (build 17.0.4.1+1)
# Java VM: OpenJDK 64-Bit Server VM Temurin-17.0.4.1+1 (17.0.4.1+1, mixed mode, tiered, compressed oops, compressed class ptrs, g1 gc, windows-amd64)
# Problematic frame:
# V  [jvm.dll+0x13a6ec]
#
# No core dump will be written. Minidumps are not enabled by default on client versions of Windows
#
# If you would like to submit a bug report, please visit:
#   https://github.com/adoptium/adoptium-support/issues
#

---------------  S U M M A R Y ------------

Command Line: -Dfile.encoding=UTF-8 -XX:+ShowCodeDetailsInExceptionMessages com.grupo5.reto2.Reto2Application

Host: 11th Gen Intel(R) Core(TM) i5-11400F @ 2.60GHz, 12 cores, 15G,  Windows 10 , 64 bit Build 19041 (10.0.19041.2364)
Time: Mon Jan  9 19:03:10 2023 Hora estándar romance elapsed time: 0.658909 seconds (0d 0h 0m 0s)

---------------  T H R E A D  ---------------

Current thread (0x0000011ef14878a0):  JavaThread "C1 CompilerThread0" daemon [_thread_in_native, id=12912, stack(0x0000000e1bd00000,0x0000000e1be00000)]


Current CompileTask:
C1:    658 1651       3       java.lang.invoke.InnerClassLambdaMetafactory$ForwardingMethodGenerator::convertArgumentTypes (96 bytes)

Stack: [0x0000000e1bd00000,0x0000000e1be00000],  sp=0x0000000e1bdfe560,  free space=1017k
Native frames: (J=compiled Java code, j=interpreted, Vv=VM code, C=native code)
V  [jvm.dll+0x13a6ec]
V  [jvm.dll+0x13fb77]
V  [jvm.dll+0x13e7a4]
V  [jvm.dll+0x14715d]
V  [jvm.dll+0x146685]
V  [jvm.dll+0x13df0e]
V  [jvm.dll+0x1404c5]
V  [jvm.dll+0x13e7a4]
V  [jvm.dll+0x13873f]
V  [jvm.dll+0x148256]
V  [jvm.dll+0x133e50]
V  [jvm.dll+0x1341b0]
V  [jvm.dll+0x134476]
V  [jvm.dll+0x13390a]
V  [jvm.dll+0x1355d1]
V  [jvm.dll+0x227498]
V  [jvm.dll+0x2255e5]
V  [jvm.dll+0x7e7e9b]
V  [jvm.dll+0x7e240a]
V  [jvm.dll+0x6761a5]
C  [ucrtbase.dll+0x21bb2]
C  [KERNEL32.DLL+0x17614]
C  [ntdll.dll+0x526a1]


siginfo: EXCEPTION_ACCESS_VIOLATION (0xc0000005), writing address 0x0000011eec8809ef


Register to memory mapping:

RIP=0x00007fffb2b2a6ec jvm.dll
RAX=0x0000011ef1bb11a0 points into unknown readable memory: 0x0000011ef1bcc590 | 90 c5 bc f1 1e 01 00 00
RBX=0x0000011ef1bb2120 points into unknown readable memory: 0x00007fffb3310d38 | 38 0d 31 b3 ff 7f 00 00
RCX=0x0000000e1bdfe5c0 is pointing into the stack for thread: 0x0000011ef14878a0
RDX=0x0000011ef1bb2120 points into unknown readable memory: 0x00007fffb3310d38 | 38 0d 31 b3 ff 7f 00 00
RSP=0x0000000e1bdfe560 is pointing into the stack for thread: 0x0000011ef14878a0
RBP=0x0000011ef1bb1fc0 points into unknown readable memory: 0x00007fffb3316968 | 68 69 31 b3 ff 7f 00 00
RSI=0x0000011ef149ae60 points into unknown readable memory: 0x00007fffb330c2a0 | a0 c2 30 b3 ff 7f 00 00
RDI=0x0000000e1bdfea70 is pointing into the stack for thread: 0x0000011ef14878a0
R8 =0x0000000000000018 is an unknown value
R9 =0x0000000000000002 is an unknown value
R10=0x0000011ef1477650 points into unknown readable memory: 0x0000001e00000001 | 01 00 00 00 1e 00 00 00
R11=0x0000011ef1bb20e0 points into unknown readable memory: 0x0000011ef1bb1e40 | 40 1e bb f1 1e 01 00 00
R12=0x0000000000000060 is an unknown value
R13=0x0000011ef1bb0500 points into unknown readable memory: 0x0000000000000000 | 00 00 00 00 00 00 00 00
R14=0x0000011ef1bb1e40 points into unknown readable memory: 0x00007fffb330d0b8 | b8 d0 30 b3 ff 7f 00 00
R15=0x0 is NULL


Registers:
RAX=0x0000011ef1bb11a0, RBX=0x0000011ef1bb2120, RCX=0x0000000e1bdfe5c0, RDX=0x0000011ef1bb2120
RSP=0x0000000e1bdfe560, RBP=0x0000011ef1bb1fc0, RSI=0x0000011ef149ae60, RDI=0x0000000e1bdfea70
R8 =0x0000000000000018, R9 =0x0000000000000002, R10=0x0000011ef1477650, R11=0x0000011ef1bb20e0
R12=0x0000000000000060, R13=0x0000011ef1bb0500, R14=0x0000011ef1bb1e40, R15=0x0000000000000000
RIP=0x00007fffb2b2a6ec, EFLAGS=0x0000000000010206

Top of Stack: (sp=0x0000000e1bdfe560)
0x0000000e1bdfe560:   0000011ef1bb2120 0000011ef1bb1fc0
0x0000000e1bdfe570:   0000011ef149ae60 0000000000000000
0x0000000e1bdfe580:   0000000000000000 0000000000000060
0x0000000e1bdfe590:   0000000000000000 00007fffb2b2fb77
0x0000000e1bdfe5a0:   0000011ef23ddd98 0000000e1bdfe610
0x0000000e1bdfe5b0:   0000000e1bdfea70 0000000000000000
0x0000000e1bdfe5c0:   0000011ef23ddad0 0000011ef23dd190
0x0000000e1bdfe5d0:   0000011ef23ddd98 0000000000000000
0x0000000e1bdfe5e0:   0000000000000000 0000011ef23ddd80
0x0000000e1bdfe5f0:   0000011ef23ddd9a 0000011ef23ddd99
0x0000000e1bdfe600:   0000006000000060 0000011ef1bb1690
0x0000000e1bdfe610:   0000000000000000 0000011ef1bb05d0
0x0000000e1bdfe620:   0000000000000000 0000011ef1bb0e80
0x0000000e1bdfe630:   0000011ef1bb1690 0000000e1bdfea70
0x0000000e1bdfe640:   0000000000000000 00007fffb2b2e7a4
0x0000000e1bdfe650:   0000000000000000 0000011ef1bb1600 

Instructions: (pc=0x00007fffb2b2a6ec)
0x00007fffb2b2a5ec:   74 3c ba 08 00 00 00 8b cf e8 26 01 21 00 44 8b
0x00007fffb2b2a5fc:   c7 33 d2 49 c1 e0 03 48 8b c8 c7 03 00 00 00 00
0x00007fffb2b2a60c:   89 7b 04 48 89 43 08 e8 7a 44 75 00 48 8b c3 48
0x00007fffb2b2a61c:   c7 43 10 00 00 00 00 48 83 c4 28 5f 5b c3 33 db
0x00007fffb2b2a62c:   8b c3 48 83 c4 28 5f 5b c3 33 c0 48 83 c4 28 5f
0x00007fffb2b2a63c:   5b c3 cc cc 48 89 5c 24 08 48 89 6c 24 10 48 89
0x00007fffb2b2a64c:   74 24 18 48 89 7c 24 20 41 54 41 56 41 57 48 83
0x00007fffb2b2a65c:   ec 20 4d 8b f9 45 8b e0 48 8b f2 48 8b f9 e8 51
0x00007fffb2b2a66c:   8d 00 00 48 8b d6 48 8b cf 48 8b e8 e8 43 8d 00
0x00007fffb2b2a67c:   00 b9 78 00 00 00 4c 8b f0 e8 d6 23 fd ff 48 8b
0x00007fffb2b2a68c:   d8 48 85 c0 74 46 48 8b 55 18 49 8b 4e 18 e8 41
0x00007fffb2b2a69c:   6e fd ff 45 33 c9 4d 8b c7 48 8b d0 48 8b cb e8
0x00007fffb2b2a6ac:   b0 46 ff ff 48 8d 05 81 66 7e 00 44 89 63 60 48
0x00007fffb2b2a6bc:   8b cb 48 89 03 4c 89 73 68 48 89 6b 70 e8 d2 04
0x00007fffb2b2a6cc:   01 00 84 c0 74 08 83 4b 10 01 eb 02 33 db 48 8b
0x00007fffb2b2a6dc:   07 48 8b d3 48 8b 48 20 44 8b 41 10 44 2b 41 28
0x00007fffb2b2a6ec:   48 8b cf e8 cc fa ff ff 48 8b 4f 50 4c 8b c0 48
0x00007fffb2b2a6fc:   8b d6 48 8b 5c 24 40 48 8b 6c 24 48 48 8b 74 24
0x00007fffb2b2a70c:   50 48 8b 7c 24 58 48 83 c4 20 41 5f 41 5e 41 5c
0x00007fffb2b2a71c:   e9 5f 91 00 00 cc cc cc cc cc cc cc cc cc cc cc
0x00007fffb2b2a72c:   cc cc cc cc 48 89 5c 24 08 48 89 74 24 10 57 48
0x00007fffb2b2a73c:   83 ec 20 48 63 7a 28 49 8b f0 8b 01 48 8b d9 3b
0x00007fffb2b2a74c:   f8 7c 36 3b 79 04 7c 09 8b d7 e8 75 d3 f7 ff 8b
0x00007fffb2b2a75c:   03 48 63 c8 48 3b cf 7d 1b 45 33 c0 0f 1f 84 00
0x00007fffb2b2a76c:   00 00 00 00 48 8b 43 08 4c 89 04 c8 48 ff c1 48
0x00007fffb2b2a77c:   3b cf 7c f0 8d 47 01 89 03 48 8b 43 08 48 8b 5c
0x00007fffb2b2a78c:   24 30 48 89 34 f8 48 8b 74 24 38 48 83 c4 20 5f
0x00007fffb2b2a79c:   c3 cc cc cc 48 8b 05 81 04 a2 00 c3 cc cc cc cc
0x00007fffb2b2a7ac:   cc cc cc cc 48 89 74 24 10 57 48 83 ec 20 80 79
0x00007fffb2b2a7bc:   48 00 48 8b f1 48 63 c2 48 8d 3c c5 00 00 00 00
0x00007fffb2b2a7cc:   48 8b 41 08 48 8b 40 08 0f 84 ca 00 00 00 48 89
0x00007fffb2b2a7dc:   5c 24 30 48 8b 1c 07 48 85 db 0f 84 a5 00 00 00 


Stack slot to memory mapping:
stack at sp + 0 slots: 0x0000011ef1bb2120 points into unknown readable memory: 0x00007fffb3310d38 | 38 0d 31 b3 ff 7f 00 00
stack at sp + 1 slots: 0x0000011ef1bb1fc0 points into unknown readable memory: 0x00007fffb3316968 | 68 69 31 b3 ff 7f 00 00
stack at sp + 2 slots: 0x0000011ef149ae60 points into unknown readable memory: 0x00007fffb330c2a0 | a0 c2 30 b3 ff 7f 00 00
stack at sp + 3 slots: 0x0 is NULL
stack at sp + 4 slots: 0x0 is NULL
stack at sp + 5 slots: 0x0000000000000060 is an unknown value
stack at sp + 6 slots: 0x0 is NULL
stack at sp + 7 slots: 0x00007fffb2b2fb77 jvm.dll


---------------  P R O C E S S  ---------------

Threads class SMR info:
_java_thread_list=0x0000011ef22cb560, length=15, elements={
0x0000011ed19f9700, 0x0000011ef1429340, 0x0000011ef142a760, 0x0000011ef1483290,
0x0000011ef1483b50, 0x0000011ef1484bb0, 0x0000011ef1485470, 0x0000011ef1486060,
0x0000011ef14878a0, 0x0000011ef149a520, 0x0000011ef1618ee0, 0x0000011ef1614c20,
0x0000011ef172c330, 0x0000011ef24158e0, 0x0000011ef27d29a0
}

Java Threads: ( => current thread )
  0x0000011ed19f9700 JavaThread "main" [_thread_in_vm, id=19984, stack(0x0000000e1af00000,0x0000000e1b000000)]
  0x0000011ef1429340 JavaThread "Reference Handler" daemon [_thread_blocked, id=16228, stack(0x0000000e1b600000,0x0000000e1b700000)]
  0x0000011ef142a760 JavaThread "Finalizer" daemon [_thread_blocked, id=9336, stack(0x0000000e1b700000,0x0000000e1b800000)]
  0x0000011ef1483290 JavaThread "Signal Dispatcher" daemon [_thread_blocked, id=22144, stack(0x0000000e1b800000,0x0000000e1b900000)]
  0x0000011ef1483b50 JavaThread "Attach Listener" daemon [_thread_blocked, id=8472, stack(0x0000000e1b900000,0x0000000e1ba00000)]
  0x0000011ef1484bb0 JavaThread "Service Thread" daemon [_thread_blocked, id=18340, stack(0x0000000e1ba00000,0x0000000e1bb00000)]
  0x0000011ef1485470 JavaThread "Monitor Deflation Thread" daemon [_thread_blocked, id=24340, stack(0x0000000e1bb00000,0x0000000e1bc00000)]
  0x0000011ef1486060 JavaThread "C2 CompilerThread0" daemon [_thread_in_native, id=23988, stack(0x0000000e1bc00000,0x0000000e1bd00000)]
=>0x0000011ef14878a0 JavaThread "C1 CompilerThread0" daemon [_thread_in_native, id=12912, stack(0x0000000e1bd00000,0x0000000e1be00000)]
  0x0000011ef149a520 JavaThread "Sweeper thread" daemon [_thread_blocked, id=24556, stack(0x0000000e1be00000,0x0000000e1bf00000)]
  0x0000011ef1618ee0 JavaThread "Notification Thread" daemon [_thread_blocked, id=3792, stack(0x0000000e1bf00000,0x0000000e1c000000)]
  0x0000011ef1614c20 JavaThread "Common-Cleaner" daemon [_thread_blocked, id=14452, stack(0x0000000e1c100000,0x0000000e1c200000)]
  0x0000011ef172c330 JavaThread "C2 CompilerThread1" daemon [_thread_blocked, id=20560, stack(0x0000000e1c200000,0x0000000e1c300000)]
  0x0000011ef24158e0 JavaThread "C2 CompilerThread2" daemon [_thread_in_vm, id=22480, stack(0x0000000e1c300000,0x0000000e1c400000)]
  0x0000011ef27d29a0 JavaThread "background-preinit" [_thread_in_vm, id=9632, stack(0x0000000e1c900000,0x0000000e1ca00000)]

Other Threads:
  0x0000011ef0980590 VMThread "VM Thread" [stack: 0x0000000e1b500000,0x0000000e1b600000] [id=9516]
  0x0000011ef160fd20 WatcherThread [stack: 0x0000000e1c000000,0x0000000e1c100000] [id=3968]
  0x0000011ed1a679d0 GCTaskThread "GC Thread#0" [stack: 0x0000000e1b000000,0x0000000e1b100000] [id=8708]
  0x0000011ef22a9000 GCTaskThread "GC Thread#1" [stack: 0x0000000e1c400000,0x0000000e1c500000] [id=4044]
  0x0000011ef21bf740 GCTaskThread "GC Thread#2" [stack: 0x0000000e1c500000,0x0000000e1c600000] [id=22760]
  0x0000011ef23394e0 GCTaskThread "GC Thread#3" [stack: 0x0000000e1c600000,0x0000000e1c700000] [id=17584]
  0x0000011ef2339790 GCTaskThread "GC Thread#4" [stack: 0x0000000e1c700000,0x0000000e1c800000] [id=21692]
  0x0000011ef2238d70 GCTaskThread "GC Thread#5" [stack: 0x0000000e1c800000,0x0000000e1c900000] [id=23784]
  0x0000011ef29c43d0 GCTaskThread "GC Thread#6" [stack: 0x0000000e1ca00000,0x0000000e1cb00000] [id=11180]
  0x0000011ef2b5fc60 GCTaskThread "GC Thread#7" [stack: 0x0000000e1cb00000,0x0000000e1cc00000] [id=14920]
  0x0000011ef2b61740 GCTaskThread "GC Thread#8" [stack: 0x0000000e1cc00000,0x0000000e1cd00000] [id=19720]
  0x0000011ef2b609d0 GCTaskThread "GC Thread#9" [stack: 0x0000000e1cd00000,0x0000000e1ce00000] [id=21912]
  0x0000011ed1a79630 ConcurrentGCThread "G1 Main Marker" [stack: 0x0000000e1b100000,0x0000000e1b200000] [id=12596]
  0x0000011ed1a7a6f0 ConcurrentGCThread "G1 Conc#0" [stack: 0x0000000e1b200000,0x0000000e1b300000] [id=20048]
  0x0000011ef2b601c0 ConcurrentGCThread "G1 Conc#1" [stack: 0x0000000e1ce00000,0x0000000e1cf00000] [id=18068]
  0x0000011ef2b60c80 ConcurrentGCThread "G1 Conc#2" [stack: 0x0000000e1cf00000,0x0000000e1d000000] [id=2336]
  0x0000011ed1ace850 ConcurrentGCThread "G1 Refine#0" [stack: 0x0000000e1b300000,0x0000000e1b400000] [id=1768]
  0x0000011ef081e290 ConcurrentGCThread "G1 Service" [stack: 0x0000000e1b400000,0x0000000e1b500000] [id=12840]

Threads with active compile tasks:
C2 CompilerThread0      674 1587       4       jdk.internal.org.objectweb.asm.Frame::execute (2305 bytes)
C1 CompilerThread0      674 1651       3       java.lang.invoke.InnerClassLambdaMetafactory$ForwardingMethodGenerator::convertArgumentTypes (96 bytes)
C2 CompilerThread2      674 1659       4       java.lang.String::indexOf (18 bytes)

VM state: not at safepoint (normal execution)

VM Mutex/Monitor currently owned by a thread: None

Heap address: 0x0000000702000000, size: 4064 MB, Compressed Oops mode: Zero based, Oop shift amount: 3

CDS archive(s) not mapped
Compressed class space mapped at: 0x0000000800000000-0x0000000840000000, reserved size: 1073741824
Narrow klass base: 0x0000000800000000, Narrow klass shift: 0, Narrow klass range: 0x40000000

GC Precious Log:
 CPUs: 12 total, 12 available
 Memory: 16253M
 Large Page Support: Disabled
 NUMA Support: Disabled
 Compressed Oops: Enabled (Zero based)
 Heap Region Size: 2M
 Heap Min Capacity: 8M
 Heap Initial Capacity: 254M
 Heap Max Capacity: 4064M
 Pre-touch: Disabled
 Parallel Workers: 10
 Concurrent Workers: 3
 Concurrent Refinement Workers: 10
 Periodic GC: Disabled

Heap:
 garbage-first heap   total 40960K, used 10427K [0x0000000702000000, 0x0000000800000000)
  region size 2048K, 4 young (8192K), 2 survivors (4096K)
 Metaspace       used 21756K, committed 22016K, reserved 1073152K
  class space    used 2354K, committed 2496K, reserved 1048576K

Heap Regions: E=young(eden), S=young(survivor), O=old, HS=humongous(starts), HC=humongous(continues), CS=collection set, F=free, OA=open archive, CA=closed archive, TAMS=top-at-mark-start (previous, next)
|   0|0x0000000702000000, 0x0000000702200000, 0x0000000702200000|100%| O|  |TAMS 0x00000007021e4c00, 0x0000000702000000| Untracked 
|   1|0x0000000702200000, 0x0000000702400000, 0x0000000702400000|100%| O|  |TAMS 0x0000000702200000, 0x0000000702200000| Untracked 
|   2|0x0000000702400000, 0x00000007025f5200, 0x0000000702600000| 97%| O|  |TAMS 0x0000000702400000, 0x0000000702400000| Untracked 
|   3|0x0000000702600000, 0x0000000702600000, 0x0000000702800000|  0%| F|  |TAMS 0x0000000702600000, 0x0000000702600000| Untracked 
|   4|0x0000000702800000, 0x0000000702800000, 0x0000000702a00000|  0%| F|  |TAMS 0x0000000702800000, 0x0000000702800000| Untracked 
|   5|0x0000000702a00000, 0x0000000702a00000, 0x0000000702c00000|  0%| F|  |TAMS 0x0000000702a00000, 0x0000000702a00000| Untracked 
|   6|0x0000000702c00000, 0x0000000702c00000, 0x0000000702e00000|  0%| F|  |TAMS 0x0000000702c00000, 0x0000000702c00000| Untracked 
|   7|0x0000000702e00000, 0x0000000702e00000, 0x0000000703000000|  0%| F|  |TAMS 0x0000000702e00000, 0x0000000702e00000| Untracked 
|   8|0x0000000703000000, 0x0000000703000000, 0x0000000703200000|  0%| F|  |TAMS 0x0000000703000000, 0x0000000703000000| Untracked 
|   9|0x0000000703200000, 0x0000000703200000, 0x0000000703400000|  0%| F|  |TAMS 0x0000000703200000, 0x0000000703200000| Untracked 
|  10|0x0000000703400000, 0x0000000703400000, 0x0000000703600000|  0%| F|  |TAMS 0x0000000703400000, 0x0000000703400000| Untracked 
|  11|0x0000000703600000, 0x0000000703600000, 0x0000000703800000|  0%| F|  |TAMS 0x0000000703600000, 0x0000000703600000| Untracked 
|  12|0x0000000703800000, 0x0000000703800000, 0x0000000703a00000|  0%| F|  |TAMS 0x0000000703800000, 0x0000000703800000| Untracked 
|  13|0x0000000703a00000, 0x0000000703a00000, 0x0000000703c00000|  0%| F|  |TAMS 0x0000000703a00000, 0x0000000703a00000| Untracked 
|  14|0x0000000703c00000, 0x0000000703c00000, 0x0000000703e00000|  0%| F|  |TAMS 0x0000000703c00000, 0x0000000703c00000| Untracked 
|  15|0x0000000703e00000, 0x0000000703e00000, 0x0000000704000000|  0%| F|  |TAMS 0x0000000703e00000, 0x0000000703e00000| Untracked 
|  16|0x0000000704000000, 0x00000007040e1a08, 0x0000000704200000| 44%| E|  |TAMS 0x0000000704000000, 0x0000000704000000| Complete 
| 111|0x000000070fe00000, 0x000000070fe39aa0, 0x0000000710000000| 11%| S|CS|TAMS 0x000000070fe00000, 0x000000070fe00000| Complete 
| 112|0x0000000710000000, 0x0000000710200000, 0x0000000710200000|100%| S|CS|TAMS 0x0000000710000000, 0x0000000710000000| Complete 
| 126|0x0000000711c00000, 0x0000000711e00000, 0x0000000711e00000|100%| E|CS|TAMS 0x0000000711c00000, 0x0000000711c00000| Complete 

Card table byte_map: [0x0000011ee4e10000,0x0000011ee5600000] _byte_map_base: 0x0000011ee1600000

Marking Bits (Prev, Next): (CMBitMap*) 0x0000011ed1a68f40, (CMBitMap*) 0x0000011ed1a68f00
 Prev Bits: [0x0000011ee9d70000, 0x0000011eedcf0000)
 Next Bits: [0x0000011ee5df0000, 0x0000011ee9d70000)

Polling page: 0x0000011ecf960000

Metaspace:

Usage:
  Non-class:     18.96 MB used.
      Class:      2.30 MB used.
       Both:     21.26 MB used.

Virtual space:
  Non-class space:       24.00 MB reserved,      19.06 MB ( 79%) committed,  3 nodes.
      Class space:        1.00 GB reserved,       2.44 MB ( <1%) committed,  1 nodes.
             Both:        1.02 GB reserved,      21.50 MB (  2%) committed. 

Chunk freelists:
   Non-Class:  816.00 KB
       Class:  1.47 MB
        Both:  2.27 MB

MaxMetaspaceSize: unlimited
CompressedClassSpaceSize: 1.00 GB
Initial GC threshold: 21.00 MB
Current GC threshold: 35.25 MB
CDS: off
MetaspaceReclaimPolicy: balanced
 - commit_granule_bytes: 65536.
 - commit_granule_words: 8192.
 - virtual_space_node_default_size: 1048576.
 - enlarge_chunks_in_place: 1.
 - new_chunks_are_fully_committed: 0.
 - uncommit_free_chunks: 1.
 - use_allocation_guard: 0.
 - handle_deallocations: 1.


Internal statistics:

num_allocs_failed_limit: 5.
num_arena_births: 158.
num_arena_deaths: 0.
num_vsnodes_births: 4.
num_vsnodes_deaths: 0.
num_space_committed: 345.
num_space_uncommitted: 0.
num_chunks_returned_to_freelist: 5.
num_chunks_taken_from_freelist: 574.
num_chunk_merges: 5.
num_chunk_splits: 389.
num_chunks_enlarged: 315.
num_purges: 0.
num_inconsistent_stats: 0.

CodeHeap 'non-profiled nmethods': size=120000Kb used=604Kb max_used=604Kb free=119395Kb
 bounds [0x0000011edcb90000, 0x0000011edce00000, 0x0000011ee40c0000]
CodeHeap 'profiled nmethods': size=120000Kb used=3048Kb max_used=3048Kb free=116951Kb
 bounds [0x0000011ed5660000, 0x0000011ed5960000, 0x0000011edcb90000]
CodeHeap 'non-nmethods': size=5760Kb used=1198Kb max_used=1215Kb free=4562Kb
 bounds [0x0000011ed50c0000, 0x0000011ed5330000, 0x0000011ed5660000]
 total_blobs=2134 nmethods=1650 adapters=396
 compilation: enabled
              stopped_count=0, restarted_count=0
 full_count=0

Compilation events (20 events):
Event: 0.651 Thread 0x0000011ef14878a0 1641       3       sun.reflect.generics.parser.SignatureParser::parseFieldTypeSignature (6 bytes)
Event: 0.651 Thread 0x0000011ef14878a0 nmethod 1641 0x0000011ed5952b10 code [0x0000011ed5952ca0, 0x0000011ed5952de8]
Event: 0.651 Thread 0x0000011ef14878a0 1642       3       sun.reflect.generics.parser.SignatureParser::parseFieldTypeSignature (73 bytes)
Event: 0.652 Thread 0x0000011ef14878a0 nmethod 1642 0x0000011ed5952e90 code [0x0000011ed59530e0, 0x0000011ed59537a8]
Event: 0.652 Thread 0x0000011ef14878a0 1643       3       jdk.internal.loader.AbstractClassLoaderValue::<init> (5 bytes)
Event: 0.652 Thread 0x0000011ef14878a0 nmethod 1643 0x0000011ed5953a10 code [0x0000011ed5953ba0, 0x0000011ed5953cf8]
Event: 0.652 Thread 0x0000011ef14878a0 1644       3       jdk.internal.loader.AbstractClassLoaderValue::sub (10 bytes)
Event: 0.652 Thread 0x0000011ef24158e0 nmethod 1629 0x0000011edcc23c90 code [0x0000011edcc23e60, 0x0000011edcc254e8]
Event: 0.652 Thread 0x0000011ef14878a0 nmethod 1644 0x0000011ed5953d90 code [0x0000011ed5953f40, 0x0000011ed5954298]
Event: 0.653 Thread 0x0000011ef24158e0 1645       4       sun.reflect.generics.parser.SignatureParser::skipIdentifier (67 bytes)
Event: 0.653 Thread 0x0000011ef14878a0 1646       3       org.springframework.core.ResolvableType::getGenerics (171 bytes)
Event: 0.654 Thread 0x0000011ef14878a0 nmethod 1646 0x0000011ed5954410 code [0x0000011ed5954720, 0x0000011ed5956098]
Event: 0.654 Thread 0x0000011ef14878a0 1647       3       sun.reflect.generics.reflectiveObjects.ParameterizedTypeImpl::getActualTypeArguments (11 bytes)
Event: 0.654 Thread 0x0000011ef14878a0 nmethod 1647 0x0000011ed5956690 code [0x0000011ed5956840, 0x0000011ed5956b28]
Event: 0.654 Thread 0x0000011ef14878a0 1648       3       java.lang.invoke.InfoFromMemberName::getName (8 bytes)
Event: 0.654 Thread 0x0000011ef14878a0 nmethod 1648 0x0000011ed5956c10 code [0x0000011ed5956de0, 0x0000011ed59571e8]
Event: 0.654 Thread 0x0000011ef14878a0 1650       3       java.lang.invoke.InnerClassLambdaMetafactory::<init> (258 bytes)
Event: 0.656 Thread 0x0000011ef14878a0 nmethod 1650 0x0000011ed5957310 code [0x0000011ed5957720, 0x0000011ed5959738]
Event: 0.656 Thread 0x0000011ef24158e0 nmethod 1645 0x0000011edcc25c90 code [0x0000011edcc25e40, 0x0000011edcc26158]
Event: 0.656 Thread 0x0000011ef14878a0 1651       3       java.lang.invoke.InnerClassLambdaMetafactory$ForwardingMethodGenerator::convertArgumentTypes (96 bytes)

GC Heap History (2 events):
Event: 0.458 GC heap before
{Heap before GC invocations=0 (full 0):
 garbage-first heap   total 260096K, used 22528K [0x0000000702000000, 0x0000000800000000)
  region size 2048K, 11 young (22528K), 0 survivors (0K)
 Metaspace       used 13882K, committed 14080K, reserved 1064960K
  class space    used 1410K, committed 1472K, reserved 1048576K
}
Event: 0.461 GC heap after
{Heap after GC invocations=1 (full 0):
 garbage-first heap   total 260096K, used 6035K [0x0000000702000000, 0x0000000800000000)
  region size 2048K, 2 young (4096K), 2 survivors (4096K)
 Metaspace       used 13882K, committed 14080K, reserved 1064960K
  class space    used 1410K, committed 1472K, reserved 1048576K
}

Deoptimization events (20 events):
Event: 0.622 Thread 0x0000011ef27d29a0 Uncommon trap: trap_request=0xffffff45 fr.pc=0x0000011edcb9b4d0 relative=0x0000000000000430
Event: 0.622 Thread 0x0000011ef27d29a0 Uncommon trap: reason=unstable_if action=reinterpret pc=0x0000011edcb9b4d0 method=java.lang.AbstractStringBuilder.isLatin1()Z @ 10 c2
Event: 0.622 Thread 0x0000011ef27d29a0 DEOPT PACKING pc=0x0000011edcb9b4d0 sp=0x0000000e1c9fd8a0
Event: 0.622 Thread 0x0000011ef27d29a0 DEOPT UNPACKING pc=0x0000011ed5115c23 sp=0x0000000e1c9fd820 mode 2
Event: 0.622 Thread 0x0000011ef27d29a0 Uncommon trap: trap_request=0xffffff45 fr.pc=0x0000011edcba285c relative=0x000000000000005c
Event: 0.622 Thread 0x0000011ef27d29a0 Uncommon trap: reason=unstable_if action=reinterpret pc=0x0000011edcba285c method=java.lang.AbstractStringBuilder.isLatin1()Z @ 10 c2
Event: 0.622 Thread 0x0000011ef27d29a0 DEOPT PACKING pc=0x0000011edcba285c sp=0x0000000e1c9fd880
Event: 0.622 Thread 0x0000011ef27d29a0 DEOPT UNPACKING pc=0x0000011ed5115c23 sp=0x0000000e1c9fd810 mode 2
Event: 0.624 Thread 0x0000011ef27d29a0 Uncommon trap: trap_request=0xffffff45 fr.pc=0x0000011edcbdc0c8 relative=0x0000000000000048
Event: 0.624 Thread 0x0000011ef27d29a0 Uncommon trap: reason=unstable_if action=reinterpret pc=0x0000011edcbdc0c8 method=java.lang.CharacterData.of(I)Ljava/lang/CharacterData; @ 4 c2
Event: 0.624 Thread 0x0000011ef27d29a0 DEOPT PACKING pc=0x0000011edcbdc0c8 sp=0x0000000e1c9fd050
Event: 0.624 Thread 0x0000011ef27d29a0 DEOPT UNPACKING pc=0x0000011ed5115c23 sp=0x0000000e1c9fcfe8 mode 2
Event: 0.624 Thread 0x0000011ed19f9700 Uncommon trap: trap_request=0xffffff45 fr.pc=0x0000011edcbf89fc relative=0x00000000000002dc
Event: 0.624 Thread 0x0000011ed19f9700 Uncommon trap: reason=unstable_if action=reinterpret pc=0x0000011edcbf89fc method=jdk.internal.org.objectweb.asm.SymbolTable.put(Ljdk/internal/org/objectweb/asm/SymbolTable$Entry;)Ljdk/internal/org/objectweb/asm/SymbolTable$Entry; @ 13 c2
Event: 0.624 Thread 0x0000011ed19f9700 DEOPT PACKING pc=0x0000011edcbf89fc sp=0x0000000e1affd620
Event: 0.624 Thread 0x0000011ed19f9700 DEOPT UNPACKING pc=0x0000011ed5115c23 sp=0x0000000e1affd5a0 mode 2
Event: 0.629 Thread 0x0000011ed19f9700 Uncommon trap: trap_request=0xffffff45 fr.pc=0x0000011edcc0f488 relative=0x0000000000000568
Event: 0.629 Thread 0x0000011ed19f9700 Uncommon trap: reason=unstable_if action=reinterpret pc=0x0000011edcc0f488 method=org.springframework.util.ConcurrentReferenceHashMap$Segment.restructureIfNecessary(Z)V @ 21 c2
Event: 0.629 Thread 0x0000011ed19f9700 DEOPT PACKING pc=0x0000011edcc0f488 sp=0x0000000e1affe050
Event: 0.629 Thread 0x0000011ed19f9700 DEOPT UNPACKING pc=0x0000011ed5115c23 sp=0x0000000e1affe000 mode 2

Classes unloaded (0 events):
No events

Classes redefined (0 events):
No events

Internal exceptions (20 events):
Event: 0.467 Thread 0x0000011ed19f9700 Exception <a 'java/lang/NoSuchMethodError'{0x0000000711c4df40}: 'int java.lang.invoke.DirectMethodHandle$Holder.invokeInterface(java.lang.Object, java.lang.Object)'> (0x0000000711c4df40) 
thrown [s\src\hotspot\share\interpreter\linkResolver.cpp, line 759]
Event: 0.476 Thread 0x0000011ed19f9700 Exception <a 'java/lang/NoSuchMethodError'{0x0000000711cfce60}: 'int java.lang.invoke.DirectMethodHandle$Holder.invokeVirtual(java.lang.Object, java.lang.Object)'> (0x0000000711cfce60) 
thrown [s\src\hotspot\share\interpreter\linkResolver.cpp, line 759]
Event: 0.489 Thread 0x0000011ed19f9700 Exception <a 'java/lang/NoSuchMethodError'{0x0000000711dbb4c0}: 'java.lang.Object java.lang.invoke.DirectMethodHandle$Holder.invokeSpecial(java.lang.Object, java.lang.Object, java.lang.Object, int, java.lang.Object)'> (0x0000000711dbb4c0) 
thrown [s\src\hotspot\share\interpreter\linkResolver.cpp, line 759]
Event: 0.489 Thread 0x0000011ed19f9700 Exception <a 'java/lang/NoSuchMethodError'{0x0000000711dc3b20}: 'java.lang.Object java.lang.invoke.DirectMethodHandle$Holder.newInvokeSpecial(java.lang.Object, java.lang.Object, java.lang.Object, int, java.lang.Object)'> (0x0000000711dc3b20) 
thrown [s\src\hotspot\share\interpreter\linkResolver.cpp, line 759]
Event: 0.490 Thread 0x0000011ed19f9700 Exception <a 'java/lang/NoSuchMethodError'{0x0000000711dd9d88}: 'java.lang.Object java.lang.invoke.DirectMethodHandle$Holder.newInvokeSpecial(java.lang.Object, int, java.lang.Object)'> (0x0000000711dd9d88) 
thrown [s\src\hotspot\share\interpreter\linkResolver.cpp, line 759]
Event: 0.490 Thread 0x0000011ed19f9700 Exception <a 'java/lang/NoSuchMethodError'{0x0000000711ddeaf0}: 'int java.lang.invoke.DirectMethodHandle$Holder.invokeSpecialIFC(java.lang.Object, java.lang.Object, java.lang.Object, java.lang.Object)'> (0x0000000711ddeaf0) 
thrown [s\src\hotspot\share\interpreter\linkResolver.cpp, line 759]
Event: 0.500 Thread 0x0000011ed19f9700 Exception <a 'java/lang/NoSuchMethodError'{0x0000000711a9b450}: 'void java.lang.invoke.DirectMethodHandle$Holder.invokeInterface(java.lang.Object, java.lang.Object, java.lang.Object)'> (0x0000000711a9b450) 
thrown [s\src\hotspot\share\interpreter\linkResolver.cpp, line 759]
Event: 0.508 Thread 0x0000011ed19f9700 Exception <a 'java/lang/NoSuchMethodError'{0x0000000711b06020}: 'void java.lang.invoke.DirectMethodHandle$Holder.invokeStatic(java.lang.Object, java.lang.Object)'> (0x0000000711b06020) 
thrown [s\src\hotspot\share\interpreter\linkResolver.cpp, line 759]
Event: 0.508 Thread 0x0000011ed19f9700 Exception <a 'java/lang/NoSuchMethodError'{0x0000000711b09820}: 'void java.lang.invoke.DirectMethodHandle$Holder.invokeStaticInit(java.lang.Object, java.lang.Object)'> (0x0000000711b09820) 
thrown [s\src\hotspot\share\interpreter\linkResolver.cpp, line 759]
Event: 0.509 Thread 0x0000011ed19f9700 Exception <a 'java/lang/NoSuchMethodError'{0x0000000711b161a0}: 'void java.lang.invoke.DirectMethodHandle$Holder.invokeStaticInit(java.lang.Object, java.lang.Object, java.lang.Object)'> (0x0000000711b161a0) 
thrown [s\src\hotspot\share\interpreter\linkResolver.cpp, line 759]
Event: 0.512 Thread 0x0000011ed19f9700 Exception <a 'java/lang/NoSuchMethodError'{0x0000000711b52400}: 'java.lang.Object java.lang.invoke.DirectMethodHandle$Holder.invokeStatic(java.lang.Object, java.lang.Object, long, java.lang.Object)'> (0x0000000711b52400) 
thrown [s\src\hotspot\share\interpreter\linkResolver.cpp, line 759]
Event: 0.512 Thread 0x0000011ed19f9700 Exception <a 'java/lang/NoSuchMethodError'{0x0000000711b55e98}: 'java.lang.Object java.lang.invoke.DirectMethodHandle$Holder.invokeStaticInit(java.lang.Object, java.lang.Object, long, java.lang.Object)'> (0x0000000711b55e98) 
thrown [s\src\hotspot\share\interpreter\linkResolver.cpp, line 759]
Event: 0.512 Thread 0x0000011ed19f9700 Exception <a 'java/lang/NoSuchMethodError'{0x0000000711b5c618}: 'java.lang.Object java.lang.invoke.DirectMethodHandle$Holder.newInvokeSpecial(java.lang.Object, java.lang.Object, long)'> (0x0000000711b5c618) 
thrown [s\src\hotspot\share\interpreter\linkResolver.cpp, line 759]
Event: 0.512 Thread 0x0000011ed19f9700 Exception <a 'java/lang/NoSuchMethodError'{0x0000000711b60188}: 'java.lang.Object java.lang.invoke.Invokers$Holder.linkToTargetMethod(java.lang.Object, long, java.lang.Object)'> (0x0000000711b60188) 
thrown [s\src\hotspot\share\interpreter\linkResolver.cpp, line 759]
Event: 0.517 Thread 0x0000011ed19f9700 Exception <a 'java/lang/NoSuchMethodError'{0x0000000711b9db38}: 'void java.lang.invoke.DirectMethodHandle$Holder.invokeVirtual(java.lang.Object, java.lang.Object, java.lang.Object, java.lang.Object)'> (0x0000000711b9db38) 
thrown [s\src\hotspot\share\interpreter\linkResolver.cpp, line 759]
Event: 0.535 Thread 0x0000011ed19f9700 Exception <a 'java/lang/NoSuchMethodError'{0x00000007118f1cc8}: 'void java.lang.invoke.DirectMethodHandle$Holder.invokeSpecial(java.lang.Object, java.lang.Object, java.lang.Object)'> (0x00000007118f1cc8) 
thrown [s\src\hotspot\share\interpreter\linkResolver.cpp, line 759]
Event: 0.535 Thread 0x0000011ed19f9700 Exception <a 'java/lang/NoSuchMethodError'{0x00000007118f82a0}: 'void java.lang.invoke.DirectMethodHandle$Holder.invokeSpecial(java.lang.Object, java.lang.Object, java.lang.Object, java.lang.Object, java.lang.Object)'> (0x00000007118f82a0) 
thrown [s\src\hotspot\share\interpreter\linkResolver.cpp, line 759]
Event: 0.551 Thread 0x0000011ef27d29a0 Exception <a 'java/lang/NoClassDefFoundError'{0x0000000711615ac0}: jakarta/validation/Validation> (0x0000000711615ac0) 
thrown [s\src\hotspot\share\classfile\systemDictionary.cpp, line 245]
Event: 0.551 Thread 0x0000011ed19f9700 Exception <a 'java/lang/IncompatibleClassChangeError'{0x000000071164ade0}: Found class java.lang.Object, but interface was expected> (0x000000071164ade0) 
thrown [s\src\hotspot\share\interpreter\linkResolver.cpp, line 826]
Event: 0.604 Thread 0x0000011ed19f9700 Exception <a 'java/lang/NoSuchMethodError'{0x0000000710fb67b0}: 'java.lang.Object java.lang.invoke.DirectMethodHandle$Holder.invokeStatic(java.lang.Object, int, java.lang.Object)'> (0x0000000710fb67b0) 
thrown [s\src\hotspot\share\interpreter\linkResolver.cpp, line 759]

VM Operations (20 events):
Event: 0.193 Executing VM operation: HandshakeAllThreads
Event: 0.193 Executing VM operation: HandshakeAllThreads done
Event: 0.248 Executing VM operation: HandshakeAllThreads
Event: 0.248 Executing VM operation: HandshakeAllThreads done
Event: 0.257 Executing VM operation: HandshakeAllThreads
Event: 0.257 Executing VM operation: HandshakeAllThreads done
Event: 0.368 Executing VM operation: HandshakeAllThreads
Event: 0.368 Executing VM operation: HandshakeAllThreads done
Event: 0.458 Executing VM operation: G1CollectForAllocation
Event: 0.461 Executing VM operation: G1CollectForAllocation done
Event: 0.476 Executing VM operation: HandshakeAllThreads
Event: 0.476 Executing VM operation: HandshakeAllThreads done
Event: 0.533 Executing VM operation: HandshakeAllThreads
Event: 0.533 Executing VM operation: HandshakeAllThreads done
Event: 0.624 Executing VM operation: HandshakeAllThreads
Event: 0.624 Executing VM operation: HandshakeAllThreads done
Event: 0.635 Executing VM operation: ICBufferFull
Event: 0.635 Executing VM operation: ICBufferFull done
Event: 0.652 Executing VM operation: HandshakeAllThreads
Event: 0.652 Executing VM operation: HandshakeAllThreads done

Events (20 events):
Event: 0.623 loading class java/util/OptionalInt
Event: 0.623 loading class java/util/OptionalInt done
Event: 0.623 loading class java/util/stream/IntPipeline$10$1
Event: 0.623 loading class java/util/stream/Sink$ChainedInt
Event: 0.623 loading class java/util/stream/Sink$ChainedInt done
Event: 0.623 loading class java/util/stream/IntPipeline$10$1 done
Event: 0.624 loading class java/lang/StringUTF16$CharsSpliterator
Event: 0.624 loading class java/lang/StringUTF16$CharsSpliterator done
Event: 0.624 loading class java/lang/CharacterData00
Event: 0.624 loading class java/lang/CharacterData00 done
Event: 0.625 loading class java/text/DecimalFormat
Event: 0.626 loading class java/text/DecimalFormat done
Event: 0.626 loading class java/text/FieldPosition
Event: 0.626 loading class java/text/FieldPosition done
Event: 0.626 loading class java/text/DigitList
Event: 0.626 loading class java/text/DigitList done
Event: 0.631 loading class java/io/CharArrayReader
Event: 0.631 loading class java/io/CharArrayReader done
Event: 0.635 loading class java/util/RegularEnumSet$EnumSetIterator
Event: 0.635 loading class java/util/RegularEnumSet$EnumSetIterator done


Dynamic libraries:
0x00007ff79c290000 - 0x00007ff79c29e000 	C:\Users\in2dm3-v\.p2\pool\plugins\org.eclipse.justj.openjdk.hotspot.jre.full.win32.x86_64_17.0.4.v20220903-1038\jre\bin\javaw.exe
0x00007ff819bd0000 - 0x00007ff819dc8000 	C:\Windows\SYSTEM32\ntdll.dll
0x00007ff818fb0000 - 0x00007ff81906f000 	C:\Windows\System32\KERNEL32.DLL
0x00007ff817690000 - 0x00007ff817962000 	C:\Windows\System32\KERNELBASE.dll
0x00007ff817ae0000 - 0x00007ff817be0000 	C:\Windows\System32\ucrtbase.dll
0x00007ff814360000 - 0x00007ff814378000 	C:\Users\in2dm3-v\.p2\pool\plugins\org.eclipse.justj.openjdk.hotspot.jre.full.win32.x86_64_17.0.4.v20220903-1038\jre\bin\jli.dll
0x00007ff8130b0000 - 0x00007ff8130c9000 	C:\Users\in2dm3-v\.p2\pool\plugins\org.eclipse.justj.openjdk.hotspot.jre.full.win32.x86_64_17.0.4.v20220903-1038\jre\bin\VCRUNTIME140.dll
0x00007ff818da0000 - 0x00007ff818f41000 	C:\Windows\System32\USER32.dll
0x00007ff80c920000 - 0x00007ff80cbba000 	C:\Windows\WinSxS\amd64_microsoft.windows.common-controls_6595b64144ccf1df_6.0.19041.1110_none_60b5254171f9507e\COMCTL32.dll
0x00007ff817a80000 - 0x00007ff817aa2000 	C:\Windows\System32\win32u.dll
0x00007ff819110000 - 0x00007ff8191ae000 	C:\Windows\System32\msvcrt.dll
0x00007ff819070000 - 0x00007ff81909b000 	C:\Windows\System32\GDI32.dll
0x00007ff817440000 - 0x00007ff81754f000 	C:\Windows\System32\gdi32full.dll
0x00007ff817970000 - 0x00007ff817a0d000 	C:\Windows\System32\msvcp_win.dll
0x00007ff8191b0000 - 0x00007ff8191e2000 	C:\Windows\System32\IMM32.DLL
0x00007ff8130a0000 - 0x00007ff8130ac000 	C:\Users\in2dm3-v\.p2\pool\plugins\org.eclipse.justj.openjdk.hotspot.jre.full.win32.x86_64_17.0.4.v20220903-1038\jre\bin\vcruntime140_1.dll
0x00007fffdbbe0000 - 0x00007fffdbc71000 	C:\Users\in2dm3-v\.p2\pool\plugins\org.eclipse.justj.openjdk.hotspot.jre.full.win32.x86_64_17.0.4.v20220903-1038\jre\bin\msvcp140.dll
0x00007fffb29f0000 - 0x00007fffb3636000 	C:\Users\in2dm3-v\.p2\pool\plugins\org.eclipse.justj.openjdk.hotspot.jre.full.win32.x86_64_17.0.4.v20220903-1038\jre\bin\server\jvm.dll
0x00007ff819650000 - 0x00007ff8196fe000 	C:\Windows\System32\ADVAPI32.dll
0x00007ff817be0000 - 0x00007ff817c7c000 	C:\Windows\System32\sechost.dll
0x00007ff8191f0000 - 0x00007ff819315000 	C:\Windows\System32\RPCRT4.dll
0x00007ff819b50000 - 0x00007ff819b58000 	C:\Windows\System32\PSAPI.DLL
0x00007fffed7f0000 - 0x00007fffed7f9000 	C:\Windows\SYSTEM32\WSOCK32.dll
0x00007ff80d700000 - 0x00007ff80d727000 	C:\Windows\SYSTEM32\WINMM.dll
0x00007ff8190a0000 - 0x00007ff81910b000 	C:\Windows\System32\WS2_32.dll
0x00007ff811ff0000 - 0x00007ff811ffa000 	C:\Windows\SYSTEM32\VERSION.dll
0x00007ff815170000 - 0x00007ff815182000 	C:\Windows\SYSTEM32\kernel.appcore.dll
0x00007ff814350000 - 0x00007ff81435a000 	C:\Users\in2dm3-v\.p2\pool\plugins\org.eclipse.justj.openjdk.hotspot.jre.full.win32.x86_64_17.0.4.v20220903-1038\jre\bin\jimage.dll
0x00007ff811820000 - 0x00007ff811a04000 	C:\Windows\SYSTEM32\DBGHELP.DLL
0x00007ff811a80000 - 0x00007ff811ab5000 	C:\Windows\SYSTEM32\dbgcore.DLL
0x00007ff817550000 - 0x00007ff8175d2000 	C:\Windows\System32\bcryptPrimitives.dll
0x00007ff814240000 - 0x00007ff814265000 	C:\Users\in2dm3-v\.p2\pool\plugins\org.eclipse.justj.openjdk.hotspot.jre.full.win32.x86_64_17.0.4.v20220903-1038\jre\bin\java.dll
0x00007ff813040000 - 0x00007ff813058000 	C:\Users\in2dm3-v\.p2\pool\plugins\org.eclipse.justj.openjdk.hotspot.jre.full.win32.x86_64_17.0.4.v20220903-1038\jre\bin\zip.dll
0x00007ff818570000 - 0x00007ff818cb4000 	C:\Windows\System32\SHELL32.dll
0x00007ff815370000 - 0x00007ff815b02000 	C:\Windows\SYSTEM32\windows.storage.dll
0x00007ff817c80000 - 0x00007ff817fd5000 	C:\Windows\System32\combase.dll
0x00007ff816cf0000 - 0x00007ff816d20000 	C:\Windows\SYSTEM32\Wldp.dll
0x00007ff819830000 - 0x00007ff8198dd000 	C:\Windows\System32\SHCORE.dll
0x00007ff818f50000 - 0x00007ff818fa5000 	C:\Windows\System32\shlwapi.dll
0x00007ff8171d0000 - 0x00007ff8171ef000 	C:\Windows\SYSTEM32\profapi.dll
0x00007ff80adc0000 - 0x00007ff80add9000 	C:\Users\in2dm3-v\.p2\pool\plugins\org.eclipse.justj.openjdk.hotspot.jre.full.win32.x86_64_17.0.4.v20220903-1038\jre\bin\net.dll
0x00007ff8124b0000 - 0x00007ff8125bc000 	C:\Windows\SYSTEM32\WINHTTP.dll
0x00007ff816a50000 - 0x00007ff816aba000 	C:\Windows\system32\mswsock.dll
0x00007fffebc40000 - 0x00007fffebc55000 	C:\Users\in2dm3-v\.p2\pool\plugins\org.eclipse.justj.openjdk.hotspot.jre.full.win32.x86_64_17.0.4.v20220903-1038\jre\bin\nio.dll
0x00007ff812610000 - 0x00007ff812620000 	C:\Users\in2dm3-v\.p2\pool\plugins\org.eclipse.justj.openjdk.hotspot.jre.full.win32.x86_64_17.0.4.v20220903-1038\jre\bin\verify.dll

dbghelp: loaded successfully - version: 4.0.5 - missing functions: none
symbol engine: initialized successfully - sym options: 0x614 - pdb path: .;C:\Users\in2dm3-v\.p2\pool\plugins\org.eclipse.justj.openjdk.hotspot.jre.full.win32.x86_64_17.0.4.v20220903-1038\jre\bin;C:\Windows\SYSTEM32;C:\Windows\WinSxS\amd64_microsoft.windows.common-controls_6595b64144ccf1df_6.0.19041.1110_none_60b5254171f9507e;C:\Users\in2dm3-v\.p2\pool\plugins\org.eclipse.justj.openjdk.hotspot.jre.full.win32.x86_64_17.0.4.v20220903-1038\jre\bin\server

VM Arguments:
jvm_args: -Dfile.encoding=UTF-8 -XX:+ShowCodeDetailsInExceptionMessages 
java_command: com.grupo5.reto2.Reto2Application
java_class_path (initial): C:\Users\in2dm3-v\git\notixEclipse\reto2\target\classes;C:\Users\in2dm3-v\.m2\repository\org\springframework\boot\spring-boot-starter-data-jpa\3.0.0\spring-boot-starter-data-jpa-3.0.0.jar;C:\Users\in2dm3-v\.m2\repository\org\springframework\boot\spring-boot-starter-aop\3.0.0\spring-boot-starter-aop-3.0.0.jar;C:\Users\in2dm3-v\.m2\repository\org\springframework\spring-aop\6.0.2\spring-aop-6.0.2.jar;C:\Users\in2dm3-v\.m2\repository\org\aspectj\aspectjweaver\1.9.9.1\aspectjweaver-1.9.9.1.jar;C:\Users\in2dm3-v\.m2\repository\org\springframework\boot\spring-boot-starter-jdbc\3.0.0\spring-boot-starter-jdbc-3.0.0.jar;C:\Users\in2dm3-v\.m2\repository\com\zaxxer\HikariCP\5.0.1\HikariCP-5.0.1.jar;C:\Users\in2dm3-v\.m2\repository\org\springframework\spring-jdbc\6.0.2\spring-jdbc-6.0.2.jar;C:\Users\in2dm3-v\.m2\repository\org\hibernate\orm\hibernate-core\6.1.5.Final\hibernate-core-6.1.5.Final.jar;C:\Users\in2dm3-v\.m2\repository\jakarta\persistence\jakarta.persistence-api\3.1.0\jakarta.persistence-api-3.1.0.jar;C:\Users\in2dm3-v\.m2\repository\jakarta\transaction\jakarta.transaction-api\2.0.1\jakarta.transaction-api-2.0.1.jar;C:\Users\in2dm3-v\.m2\repository\org\jboss\logging\jboss-logging\3.5.0.Final\jboss-logging-3.5.0.Final.jar;C:\Users\in2dm3-v\.m2\repository\org\hibernate\common\hibernate-commons-annotations\6.0.2.Final\hibernate-commons-annotations-6.0.2.Final.jar;C:\Users\in2dm3-v\.m2\repository\org\jboss\jandex\2.4.2.Final\jandex-2.4.2.Final.jar;C:\Users\in2dm3-v\.m2\repository\com\fasterxml\classmate\1.5.1\classmate-1.5.1.jar;C:\Users\in2dm3-v\.m2\repository\net\bytebuddy\byte-buddy\1.12.19\byte-buddy-1.12.19.jar;C:\Users\in2dm3-v\.m2\repository\org\glassfish\jaxb\jaxb-runtime\4.0.1\jaxb-runtime-4.0.1.jar;C:\Users\in2dm3-v\.m2\repository\org\glassfish\jaxb\jaxb-core\4.0.1\jaxb-core-4.0.1.jar;C:\Users\in2dm3-v\.m2\repository\org\eclipse\angus\angus-activation\1.0.0\angus-activation-1.0.0.jar;C:\Users\in2dm3-v\.m2\repository\org\glassfish\jax
Launcher Type: SUN_STANDARD

[Global flags]
     intx CICompilerCount                          = 4                                         {product} {ergonomic}
     uint ConcGCThreads                            = 3                                         {product} {ergonomic}
     uint G1ConcRefinementThreads                  = 10                                        {product} {ergonomic}
   size_t G1HeapRegionSize                         = 2097152                                   {product} {ergonomic}
    uintx GCDrainStackTargetSize                   = 64                                        {product} {ergonomic}
   size_t InitialHeapSize                          = 266338304                                 {product} {ergonomic}
   size_t MarkStackSize                            = 4194304                                   {product} {ergonomic}
   size_t MaxHeapSize                              = 4261412864                                {product} {ergonomic}
   size_t MaxNewSize                               = 2556428288                                {product} {ergonomic}
   size_t MinHeapDeltaBytes                        = 2097152                                   {product} {ergonomic}
   size_t MinHeapSize                              = 8388608                                   {product} {ergonomic}
    uintx NonNMethodCodeHeapSize                   = 5839372                                {pd product} {ergonomic}
    uintx NonProfiledCodeHeapSize                  = 122909434                              {pd product} {ergonomic}
    uintx ProfiledCodeHeapSize                     = 122909434                              {pd product} {ergonomic}
    uintx ReservedCodeCacheSize                    = 251658240                              {pd product} {ergonomic}
     bool SegmentedCodeCache                       = true                                      {product} {ergonomic}
     bool ShowCodeDetailsInExceptionMessages       = true                                   {manageable} {command line}
   size_t SoftMaxHeapSize                          = 4261412864                             {manageable} {ergonomic}
     bool UseCompressedClassPointers               = true                           {product lp64_product} {ergonomic}
     bool UseCompressedOops                        = true                           {product lp64_product} {ergonomic}
     bool UseG1GC                                  = true                                      {product} {ergonomic}
     bool UseLargePagesIndividualAllocation        = false                                  {pd product} {ergonomic}

Logging:
Log output configuration:
 #0: stdout all=warning uptime,level,tags
 #1: stderr all=off uptime,level,tags

Environment Variables:
PATH=C:/Users/in2dm3-v/.p2/pool/plugins/org.eclipse.justj.openjdk.hotspot.jre.full.win32.x86_64_17.0.4.v20220903-1038/jre/bin/server;C:/Users/in2dm3-v/.p2/pool/plugins/org.eclipse.justj.openjdk.hotspot.jre.full.win32.x86_64_17.0.4.v20220903-1038/jre/bin;C:\Windows\system32;C:\Windows;C:\Windows\System32\Wbem;C:\Windows\System32\WindowsPowerShell\v1.0\;C:\Windows\System32\OpenSSH\;C:\Program Files\Microsoft SQL Server\150\Tools\Binn\;C:\Program Files\Microsoft SQL Server\Client SDK\ODBC\170\Tools\Binn\;C:\Program Files\dotnet\;C:\Program Files (x86)\Microsoft SQL Server\150\DTS\Binn\;C:\Program Files\Azure Data Studio\bin;C:\Program Files (x86)\Microsoft SQL Server\150\Tools\Binn\;C:\Program Files\Microsoft SQL Server\150\DTS\Binn\;C:\Users\in2dm3-v\AppData\Local\Microsoft\WindowsApps;C:\Users\in2dm3-v\.dotnet\tools;C:\Users\in2dm3-v\AppData\Local\Programs\Git\cmd;C:\Windows\System32;
USERNAME=in2dm3-v
OS=Windows_NT
PROCESSOR_IDENTIFIER=Intel64 Family 6 Model 167 Stepping 1, GenuineIntel
TMP=C:\Users\in2dm3-v\AppData\Local\Temp
TEMP=C:\Users\in2dm3-v\AppData\Local\Temp



---------------  S Y S T E M  ---------------

OS:
 Windows 10 , 64 bit Build 19041 (10.0.19041.2364)
OS uptime: 25 days 19:18 hours

CPU: total 12 (initial active 12) (6 cores per cpu, 2 threads per core) family 6 model 167 stepping 1 microcode 0x40, cx8, cmov, fxsr, ht, mmx, 3dnowpref, sse, sse2, sse3, ssse3, sse4.1, sse4.2, popcnt, lzcnt, tsc, tscinvbit, avx, avx2, aes, erms, clmul, bmi1, bmi2, adx, avx512f, avx512dq, avx512cd, avx512bw, avx512vl, sha, fma, vzeroupper, avx512_vpopcntdq, avx512_vpclmulqdq, avx512_vaes, avx512_vnni, clflush, clflushopt, avx512_vbmi2, avx512_vbmi

Memory: 4k page, system-wide physical 16253M (9409M free)
TotalPageFile size 18685M (AvailPageFile size 8980M)
current process WorkingSet (physical memory assigned to process): 114M, peak: 114M
current process commit charge ("private bytes"): 246M, peak: 378M

vm_info: OpenJDK 64-Bit Server VM (17.0.4.1+1) for windows-amd64 JRE (17.0.4.1+1), built on Aug 17 2022 07:42:43 by "temurin" with MS VC++ 16.7 (VS2019)

END.
